{"numFailedTestSuites":0,"numFailedTests":0,"numPassedTestSuites":11,"numPassedTests":22,"numPendingTestSuites":0,"numPendingTests":0,"numRuntimeErrorTestSuites":0,"numTodoTests":0,"numTotalTestSuites":11,"numTotalTests":22,"openHandles":[],"snapshot":{"added":0,"didUpdate":false,"failure":false,"filesAdded":0,"filesRemoved":0,"filesRemovedList":[],"filesUnmatched":0,"filesUpdated":0,"matched":0,"total":0,"unchecked":0,"uncheckedKeysByFile":[],"unmatched":0,"updated":0},"startTime":1749762987173,"success":true,"testResults":[{"assertionResults":[{"ancestorTitles":["ProjectListComponent Skeleton Cleanup"],"duration":47,"failureDetails":[],"failureMessages":[],"fullName":"ProjectListComponent Skeleton Cleanup should remove all skeleton elements when renderProjects is called","invocations":1,"location":null,"numPassingAsserts":3,"retryReasons":[],"status":"passed","title":"should remove all skeleton elements when renderProjects is called"},{"ancestorTitles":["ProjectListComponent Skeleton Cleanup"],"duration":7,"failureDetails":[],"failureMessages":[],"fullName":"ProjectListComponent Skeleton Cleanup should prevent skeleton duplication on multiple _showLoadingState calls","invocations":1,"location":null,"numPassingAsserts":2,"retryReasons":[],"status":"passed","title":"should prevent skeleton duplication on multiple _showLoadingState calls"},{"ancestorTitles":["ProjectListComponent Skeleton Cleanup"],"duration":9,"failureDetails":[],"failureMessages":[],"fullName":"ProjectListComponent Skeleton Cleanup should handle grid element reassignment without orphaning skeletons","invocations":1,"location":null,"numPassingAsserts":2,"retryReasons":[],"status":"passed","title":"should handle grid element reassignment without orphaning skeletons"},{"ancestorTitles":["ProjectListComponent Skeleton Cleanup"],"duration":5,"failureDetails":[],"failureMessages":[],"fullName":"ProjectListComponent Skeleton Cleanup should handle renderProjects with empty data gracefully","invocations":1,"location":null,"numPassingAsserts":2,"retryReasons":[],"status":"passed","title":"should handle renderProjects with empty data gracefully"},{"ancestorTitles":["ProjectListComponent Skeleton Cleanup"],"duration":5,"failureDetails":[],"failureMessages":[],"fullName":"ProjectListComponent Skeleton Cleanup should handle renderProjects with auth error gracefully","invocations":1,"location":null,"numPassingAsserts":2,"retryReasons":[],"status":"passed","title":"should handle renderProjects with auth error gracefully"}],"endTime":1749762987993,"message":"","name":"/home/azureuser/azure_chatapp/tests/projectListComponent.skeleton.test.js","startTime":1749762987438,"status":"passed","summary":""},{"assertionResults":[{"ancestorTitles":["Dependency completeness contracts","createKnowledgeBaseManager"],"duration":15,"failureDetails":[],"failureMessages":[],"fullName":"Dependency completeness contracts createKnowledgeBaseManager throws if apiRequest dependency is missing","invocations":1,"location":null,"numPassingAsserts":1,"retryReasons":[],"status":"passed","title":"throws if apiRequest dependency is missing"},{"ancestorTitles":["Dependency completeness contracts","createChatExtensions"],"duration":2,"failureDetails":[],"failureMessages":[],"fullName":"Dependency completeness contracts createChatExtensions throws when feature flag is off","invocations":1,"location":null,"numPassingAsserts":1,"retryReasons":[],"status":"passed","title":"throws when feature flag is off"}],"endTime":1749762988054,"message":"","name":"/home/azureuser/azure_chatapp/tests/di-required-modules.test.js","startTime":1749762988004,"status":"passed","summary":""},{"assertionResults":[{"ancestorTitles":["EventHandlers – listener leak detection"],"duration":1,"failureDetails":[],"failureMessages":[],"fullName":"EventHandlers – listener leak detection cleanupListeners removes all tracked listeners (no leaks)","invocations":1,"location":null,"numPassingAsserts":2,"retryReasons":[],"status":"passed","title":"cleanupListeners removes all tracked listeners (no leaks)"}],"endTime":1749762988095,"message":"","name":"/home/azureuser/azure_chatapp/tests/frontend/view-lifecycle-leak.test.js","startTime":1749762988061,"status":"passed","summary":""},{"assertionResults":[{"ancestorTitles":["logger DI contract"],"duration":3,"failureDetails":[],"failureMessages":[],"fullName":"logger DI contract throws if eventHandlers is missing","invocations":1,"location":null,"numPassingAsserts":1,"retryReasons":[],"status":"passed","title":"throws if eventHandlers is missing"},{"ancestorTitles":["logger DI contract"],"duration":1,"failureDetails":[],"failureMessages":[],"fullName":"logger DI contract does not throw with valid eventHandlers","invocations":1,"location":null,"numPassingAsserts":1,"retryReasons":[],"status":"passed","title":"does not throw with valid eventHandlers"}],"endTime":1749762988132,"message":"","name":"/home/azureuser/azure_chatapp/tests/logger-di-order.test.js","startTime":1749762988102,"status":"passed","summary":""},{"assertionResults":[{"ancestorTitles":["DI contract – KnowledgeBaseComponent"],"duration":1,"failureDetails":[],"failureMessages":[],"fullName":"DI contract – KnowledgeBaseComponent factory instantiates with required dependencies registered in DependencySystem","invocations":1,"location":null,"numPassingAsserts":1,"retryReasons":[],"status":"passed","title":"factory instantiates with required dependencies registered in DependencySystem"}],"endTime":1749762988165,"message":"","name":"/home/azureuser/azure_chatapp/tests/frontend/di-contracts.test.js","startTime":1749762988138,"status":"passed","summary":""},{"assertionResults":[{"ancestorTitles":["FileUploadComponent – index_kb flag"],"duration":4,"failureDetails":[],"failureMessages":[],"fullName":"FileUploadComponent – index_kb flag passes index_kb=false when checkbox unchecked & emits filesUploaded event","invocations":1,"location":null,"numPassingAsserts":4,"retryReasons":[],"status":"passed","title":"passes index_kb=false when checkbox unchecked & emits filesUploaded event"}],"endTime":1749762988204,"message":"","name":"/home/azureuser/azure_chatapp/tests/frontend/upload-toggle.test.js","startTime":1749762988171,"status":"passed","summary":""},{"assertionResults":[{"ancestorTitles":["FileUploadComponent – AuthBus compliance"],"duration":3,"failureDetails":[],"failureMessages":[],"fullName":"FileUploadComponent – AuthBus compliance disables and re-enables inputs on auth state change","invocations":1,"location":null,"numPassingAsserts":2,"retryReasons":[],"status":"passed","title":"disables and re-enables inputs on auth state change"}],"endTime":1749762988236,"message":"","name":"/home/azureuser/azure_chatapp/tests/frontend/auth-compliance.test.js","startTime":1749762988210,"status":"passed","summary":""},{"assertionResults":[{"ancestorTitles":["selectorConstants immutability & referential integrity"],"duration":0,"failureDetails":[],"failureMessages":[],"fullName":"selectorConstants immutability & referential integrity SELECTORS object is frozen","invocations":1,"location":null,"numPassingAsserts":1,"retryReasons":[],"status":"passed","title":"SELECTORS object is frozen"},{"ancestorTitles":["selectorConstants immutability & referential integrity"],"duration":0,"failureDetails":[],"failureMessages":[],"fullName":"selectorConstants immutability & referential integrity ELEMENT_SELECTORS object is frozen","invocations":1,"location":null,"numPassingAsserts":3,"retryReasons":[],"status":"passed","title":"ELEMENT_SELECTORS object is frozen"},{"ancestorTitles":["selectorConstants immutability & referential integrity"],"duration":1,"failureDetails":[],"failureMessages":[],"fullName":"selectorConstants immutability & referential integrity getSel helper prefixes ids correctly","invocations":1,"location":null,"numPassingAsserts":3,"retryReasons":[],"status":"passed","title":"getSel helper prefixes ids correctly"},{"ancestorTitles":["selectorConstants immutability & referential integrity"],"duration":0,"failureDetails":[],"failureMessages":[],"fullName":"selectorConstants immutability & referential integrity KB aliases map to canonical ids","invocations":1,"location":null,"numPassingAsserts":2,"retryReasons":[],"status":"passed","title":"KB aliases map to canonical ids"}],"endTime":1749762988267,"message":"","name":"/home/azureuser/azure_chatapp/tests/frontend/selector-constants.test.js","startTime":1749762988242,"status":"passed","summary":""},{"assertionResults":[{"ancestorTitles":[],"duration":1,"failureDetails":[],"failureMessages":[],"fullName":"tokenStatsManager placeholder exists before coreInit","invocations":1,"location":null,"numPassingAsserts":1,"retryReasons":[],"status":"passed","title":"tokenStatsManager placeholder exists before coreInit"}],"endTime":1749762988297,"message":"","name":"/home/azureuser/azure_chatapp/static/js/__tests__/token-stats-di.test.js","startTime":1749762988277,"status":"passed","summary":""},{"assertionResults":[{"ancestorTitles":["Auth Token Storage Persistence"],"duration":1,"failureDetails":[],"failureMessages":[],"fullName":"Auth Token Storage Persistence stores access_token on login","invocations":1,"location":null,"numPassingAsserts":1,"retryReasons":[],"status":"passed","title":"stores access_token on login"},{"ancestorTitles":["Auth Token Storage Persistence"],"duration":0,"failureDetails":[],"failureMessages":[],"fullName":"Auth Token Storage Persistence restores access_token from storage","invocations":1,"location":null,"numPassingAsserts":1,"retryReasons":[],"status":"passed","title":"restores access_token from storage"},{"ancestorTitles":["Auth Token Storage Persistence"],"duration":0,"failureDetails":[],"failureMessages":[],"fullName":"Auth Token Storage Persistence clears access_token from storage on logout","invocations":1,"location":null,"numPassingAsserts":1,"retryReasons":[],"status":"passed","title":"clears access_token from storage on logout"}],"endTime":1749762988327,"message":"","name":"/home/azureuser/azure_chatapp/static/js/__tests__/auth-storage.test.js","startTime":1749762988306,"status":"passed","summary":""},{"assertionResults":[{"ancestorTitles":["ChatManager regression – bootstrap sanity"],"duration":1,"failureDetails":[],"failureMessages":[],"fullName":"ChatManager regression – bootstrap sanity initialize() resolves without throwing","invocations":1,"location":null,"numPassingAsserts":1,"retryReasons":[],"status":"passed","title":"initialize() resolves without throwing"}],"endTime":1749762988357,"message":"","name":"/home/azureuser/azure_chatapp/tests/frontend/chatmanager-regression.test.js","startTime":1749762988333,"status":"passed","summary":""}],"wasInterrupted":false}
