TN:
SF:static/js/FileUploadComponent.js
FN:22,createFileUploadComponent
FN:72,(anonymous_1)
FN:80,_updateAuthState
FN:86,(anonymous_3)
FN:101,_setupAuthListeners
FN:108,(anonymous_5)
FN:126,(anonymous_6)
FN:137,(anonymous_7)
FN:147,(anonymous_8)
FN:148,(anonymous_9)
FN:153,setProjectId
FN:157,init
FN:176,(anonymous_12)
FN:177,(anonymous_13)
FN:214,_findElements
FN:266,_bindEvents
FN:270,(anonymous_16)
FN:280,(anonymous_17)
FN:283,(anonymous_18)
FN:287,(anonymous_19)
FN:288,(anonymous_20)
FN:304,(anonymous_21)
FN:308,destroy
FN:315,cleanup
FN:319,initialize
FN:323,_handleFileSelection
FN:330,_handleFileDrop
FN:336,_uploadFiles
FN:351,(anonymous_28)
FN:355,(anonymous_29)
FN:377,(anonymous_30)
FN:392,_uploadFile
FN:422,_validateFiles
FN:430,(anonymous_33)
FN:492,_setupUploadProgress
FN:504,_updateUploadProgress
FN:531,(anonymous_36)
FNF:37
FNH:22
FNDA:2,createFileUploadComponent
FNDA:1,(anonymous_1)
FNDA:2,_updateAuthState
FNDA:6,(anonymous_3)
FNDA:2,_setupAuthListeners
FNDA:2,(anonymous_5)
FNDA:0,(anonymous_6)
FNDA:0,(anonymous_7)
FNDA:0,(anonymous_8)
FNDA:0,(anonymous_9)
FNDA:0,setProjectId
FNDA:2,init
FNDA:12,(anonymous_12)
FNDA:12,(anonymous_13)
FNDA:2,_findElements
FNDA:2,_bindEvents
FNDA:14,(anonymous_16)
FNDA:0,(anonymous_17)
FNDA:0,(anonymous_18)
FNDA:8,(anonymous_19)
FNDA:0,(anonymous_20)
FNDA:0,(anonymous_21)
FNDA:0,destroy
FNDA:0,cleanup
FNDA:0,initialize
FNDA:1,_handleFileSelection
FNDA:0,_handleFileDrop
FNDA:1,_uploadFiles
FNDA:0,(anonymous_28)
FNDA:0,(anonymous_29)
FNDA:1,(anonymous_30)
FNDA:1,_uploadFile
FNDA:1,_validateFiles
FNDA:8,(anonymous_33)
FNDA:1,_setupUploadProgress
FNDA:1,_updateUploadProgress
FNDA:1,(anonymous_36)
DA:20,2
DA:37,2
DA:38,0
DA:41,2
DA:42,2
DA:43,2
DA:44,2
DA:45,2
DA:46,2
DA:50,2
DA:56,2
DA:71,2
DA:72,2
DA:73,2
DA:74,2
DA:81,2
DA:86,2
DA:87,6
DA:88,6
DA:89,3
DA:90,3
DA:92,3
DA:93,3
DA:98,2
DA:99,2
DA:102,2
DA:103,2
DA:104,2
DA:105,2
DA:108,2
DA:112,2
DA:113,2
DA:114,0
DA:117,0
DA:121,2
DA:122,2
DA:123,2
DA:126,0
DA:132,2
DA:133,2
DA:134,2
DA:137,0
DA:144,2
DA:145,2
DA:146,2
DA:147,0
DA:148,0
DA:154,0
DA:158,2
DA:159,2
DA:160,2
DA:166,2
DA:175,2
DA:176,12
DA:177,12
DA:178,2
DA:179,2
DA:185,2
DA:186,0
DA:189,0
DA:191,2
DA:192,2
DA:195,2
DA:198,2
DA:199,2
DA:200,2
DA:201,2
DA:207,0
DA:210,0
DA:215,2
DA:216,2
DA:217,2
DA:227,2
DA:228,14
DA:230,14
DA:235,0
DA:236,14
DA:237,14
DA:239,0
DA:243,2
DA:253,0
DA:257,2
DA:258,2
DA:259,2
DA:260,2
DA:263,2
DA:267,2
DA:268,2
DA:270,2
DA:271,14
DA:272,14
DA:280,2
DA:283,2
DA:286,2
DA:287,2
DA:288,8
DA:289,0
DA:290,0
DA:291,0
DA:292,0
DA:293,0
DA:294,0
DA:296,0
DA:297,0
DA:298,0
DA:299,0
DA:304,2
DA:309,0
DA:310,0
DA:312,0
DA:316,0
DA:320,0
DA:324,1
DA:325,1
DA:326,1
DA:327,1
DA:331,0
DA:332,0
DA:333,0
DA:337,1
DA:338,1
DA:339,0
DA:340,0
DA:343,1
DA:345,1
DA:346,0
DA:347,0
DA:348,0
DA:349,0
DA:351,0
DA:352,0
DA:355,0
DA:356,0
DA:367,1
DA:368,0
DA:371,1
DA:374,1
DA:375,1
DA:376,1
DA:377,1
DA:380,1
DA:381,1
DA:385,1
DA:386,1
DA:388,0
DA:393,1
DA:396,1
DA:397,1
DA:398,0
DA:400,1
DA:403,1
DA:404,1
DA:405,1
DA:406,1
DA:407,0
DA:410,0
DA:413,1
DA:415,0
DA:418,0
DA:423,1
DA:424,1
DA:425,1
DA:426,1
DA:428,1
DA:431,8
DA:433,8
DA:438,0
DA:440,8
DA:443,1
DA:444,0
DA:445,0
DA:446,0
DA:448,0
DA:451,0
DA:456,0
DA:460,1
DA:461,0
DA:466,0
DA:469,1
DA:470,1
DA:471,1
DA:473,1
DA:474,0
DA:479,1
DA:480,0
DA:486,1
DA:489,1
DA:493,1
DA:494,1
DA:495,1
DA:496,1
DA:497,1
DA:498,1
DA:499,1
DA:501,1
DA:505,1
DA:506,1
DA:507,1
DA:508,1
DA:510,1
DA:512,1
DA:513,1
DA:515,1
DA:516,1
DA:517,0
DA:518,1
DA:519,1
DA:521,0
DA:523,1
DA:526,1
DA:527,1
DA:530,1
DA:531,1
DA:532,1
DA:538,2
LF:215
LH:152
BRDA:22,0,0,0
BRDA:37,1,0,0
BRDA:37,1,1,2
BRDA:41,2,0,0
BRDA:41,2,1,2
BRDA:42,3,0,0
BRDA:42,3,1,2
BRDA:43,4,0,0
BRDA:43,4,1,2
BRDA:44,5,0,0
BRDA:44,5,1,2
BRDA:45,6,0,0
BRDA:45,6,1,2
BRDA:46,7,0,0
BRDA:46,7,1,2
BRDA:60,8,0,2
BRDA:60,8,1,2
BRDA:61,9,0,2
BRDA:61,9,1,2
BRDA:62,10,0,2
BRDA:62,10,1,2
BRDA:63,11,0,2
BRDA:63,11,1,2
BRDA:64,12,0,2
BRDA:64,12,1,2
BRDA:65,13,0,2
BRDA:65,13,1,2
BRDA:67,14,0,2
BRDA:67,14,1,2
BRDA:71,15,0,2
BRDA:71,15,1,2
BRDA:72,16,0,0
BRDA:72,16,1,2
BRDA:88,17,0,3
BRDA:88,17,1,3
BRDA:98,18,0,2
BRDA:98,18,1,2
BRDA:98,18,2,0
BRDA:99,19,0,2
BRDA:99,19,1,0
BRDA:99,19,2,0
BRDA:104,20,0,2
BRDA:104,20,1,0
BRDA:104,21,0,2
BRDA:104,21,1,2
BRDA:113,22,0,0
BRDA:113,22,1,2
BRDA:122,23,0,2
BRDA:122,23,1,0
BRDA:133,24,0,2
BRDA:133,24,1,0
BRDA:145,25,0,0
BRDA:145,25,1,2
BRDA:146,26,0,2
BRDA:146,26,1,0
BRDA:158,27,0,0
BRDA:158,27,1,2
BRDA:160,28,0,2
BRDA:160,28,1,0
BRDA:178,29,0,2
BRDA:178,29,1,0
BRDA:185,30,0,0
BRDA:185,30,1,2
BRDA:187,31,0,0
BRDA:187,31,1,0
BRDA:199,32,0,0
BRDA:199,32,1,2
BRDA:200,33,0,2
BRDA:200,33,1,0
BRDA:230,34,0,0
BRDA:230,34,1,14
BRDA:231,35,0,14
BRDA:231,35,1,0
BRDA:231,35,2,0
BRDA:236,36,0,14
BRDA:236,36,1,0
BRDA:243,37,0,0
BRDA:243,37,1,2
BRDA:245,38,0,2
BRDA:245,38,1,2
BRDA:245,38,2,2
BRDA:245,38,3,2
BRDA:245,38,4,2
BRDA:245,38,5,2
BRDA:257,39,0,2
BRDA:257,39,1,0
BRDA:271,40,0,0
BRDA:271,40,1,14
BRDA:286,41,0,2
BRDA:286,41,1,0
BRDA:291,42,0,0
BRDA:291,42,1,0
BRDA:292,43,0,0
BRDA:292,43,1,0
BRDA:298,44,0,0
BRDA:298,44,1,0
BRDA:309,45,0,0
BRDA:309,45,1,0
BRDA:309,46,0,0
BRDA:309,46,1,0
BRDA:325,47,0,0
BRDA:325,47,1,1
BRDA:325,48,0,1
BRDA:325,48,1,1
BRDA:327,49,0,1
BRDA:327,49,1,0
BRDA:332,50,0,0
BRDA:332,50,1,0
BRDA:332,51,0,0
BRDA:332,51,1,0
BRDA:337,52,0,1
BRDA:337,52,1,1
BRDA:338,53,0,0
BRDA:338,53,1,1
BRDA:338,54,0,1
BRDA:338,54,1,1
BRDA:345,55,0,0
BRDA:345,55,1,1
BRDA:347,56,0,0
BRDA:347,56,1,0
BRDA:347,57,0,0
BRDA:347,57,1,0
BRDA:348,58,0,0
BRDA:348,58,1,0
BRDA:367,59,0,0
BRDA:367,59,1,1
BRDA:380,60,0,1
BRDA:380,60,1,0
BRDA:393,61,0,1
BRDA:393,61,1,0
BRDA:397,62,0,0
BRDA:397,62,1,1
BRDA:404,63,0,1
BRDA:404,63,1,1
BRDA:404,63,2,1
BRDA:405,64,0,1
BRDA:405,64,1,0
BRDA:406,65,0,0
BRDA:406,65,1,1
BRDA:406,66,0,1
BRDA:406,66,1,0
BRDA:433,67,0,0
BRDA:433,67,1,8
BRDA:434,68,0,8
BRDA:434,68,1,8
BRDA:434,68,2,8
BRDA:434,68,3,8
BRDA:443,69,0,0
BRDA:443,69,1,1
BRDA:460,70,0,0
BRDA:460,70,1,1
BRDA:460,71,0,1
BRDA:460,71,1,1
BRDA:460,71,2,1
BRDA:469,72,0,1
BRDA:469,72,1,0
BRDA:473,73,0,0
BRDA:473,73,1,1
BRDA:477,74,0,0
BRDA:477,74,1,0
BRDA:479,75,0,0
BRDA:479,75,1,1
BRDA:495,76,0,1
BRDA:495,76,1,0
BRDA:496,77,0,1
BRDA:496,77,1,0
BRDA:501,78,0,1
BRDA:501,78,1,0
BRDA:510,79,0,1
BRDA:510,79,1,0
BRDA:512,80,0,1
BRDA:512,80,1,0
BRDA:516,81,0,0
BRDA:516,81,1,1
BRDA:517,82,0,0
BRDA:517,82,1,0
BRDA:518,83,0,1
BRDA:518,83,1,0
BRDA:526,84,0,1
BRDA:526,84,1,0
BRDA:527,85,0,0
BRDA:527,85,1,1
BRDA:530,86,0,1
BRDA:530,86,1,0
BRDA:530,87,0,1
BRDA:530,87,1,1
BRDA:532,88,0,1
BRDA:532,88,1,0
BRF:188
BRH:102
end_of_record
TN:
SF:static/js/auth.js
FN:16,createAuth
FN:64,getAppState
FN:74,updateAppState
FN:81,login
FN:125,logout
FN:152,register
FN:196,verifySession
FN:245,refreshSession
FN:275,getAccessToken
FN:288,getAccessTokenAsync
FN:293,bindLoginForm
FN:300,(anonymous_11)
FN:343,bindRegisterForm
FN:350,(anonymous_13)
FN:399,initialize
FN:424,(anonymous_15)
FN:426,(anonymous_16)
FN:457,(anonymous_17)
FN:458,(anonymous_18)
FN:459,(anonymous_19)
FN:460,(anonymous_20)
FN:461,(anonymous_21)
FN:468,(anonymous_22)
FN:469,(anonymous_23)
FN:478,(anonymous_24)
FN:485,(anonymous_25)
FN:486,(anonymous_26)
FN:487,(anonymous_27)
FN:490,(anonymous_28)
FN:491,(anonymous_29)
FN:493,(anonymous_30)
FNF:31
FNH:2
FNDA:3,createAuth
FNDA:0,getAppState
FNDA:0,updateAppState
FNDA:0,login
FNDA:0,logout
FNDA:0,register
FNDA:0,verifySession
FNDA:0,refreshSession
FNDA:1,getAccessToken
FNDA:0,getAccessTokenAsync
FNDA:0,bindLoginForm
FNDA:0,(anonymous_11)
FNDA:0,bindRegisterForm
FNDA:0,(anonymous_13)
FNDA:0,initialize
FNDA:0,(anonymous_15)
FNDA:0,(anonymous_16)
FNDA:0,(anonymous_17)
FNDA:0,(anonymous_18)
FNDA:0,(anonymous_19)
FNDA:0,(anonymous_20)
FNDA:0,(anonymous_21)
FNDA:0,(anonymous_22)
FNDA:0,(anonymous_23)
FNDA:0,(anonymous_24)
FNDA:0,(anonymous_25)
FNDA:0,(anonymous_26)
FNDA:0,(anonymous_27)
FNDA:0,(anonymous_28)
FNDA:0,(anonymous_29)
FNDA:0,(anonymous_30)
DA:18,3
DA:19,0
DA:22,3
DA:28,3
DA:29,36
DA:30,0
DA:40,3
DA:42,3
DA:45,3
DA:49,3
DA:53,3
DA:61,3
DA:65,0
DA:66,0
DA:69,0
DA:71,0
DA:75,0
DA:76,0
DA:82,0
DA:87,0
DA:89,0
DA:90,0
DA:92,0
DA:93,0
DA:95,0
DA:96,0
DA:100,0
DA:103,0
DA:104,0
DA:109,0
DA:115,0
DA:117,0
DA:121,0
DA:126,0
DA:128,0
DA:130,0
DA:133,0
DA:134,0
DA:139,0
DA:141,0
DA:143,0
DA:144,0
DA:148,0
DA:153,0
DA:158,0
DA:160,0
DA:161,0
DA:162,0
DA:164,0
DA:165,0
DA:167,0
DA:168,0
DA:170,0
DA:171,0
DA:175,0
DA:181,0
DA:186,0
DA:188,0
DA:192,0
DA:197,0
DA:199,0
DA:200,0
DA:202,0
DA:204,0
DA:205,0
DA:206,0
DA:211,0
DA:217,0
DA:218,0
DA:223,0
DA:228,0
DA:230,0
DA:235,0
DA:236,0
DA:241,0
DA:246,0
DA:248,0
DA:249,0
DA:251,0
DA:252,0
DA:253,0
DA:254,0
DA:259,0
DA:265,0
DA:267,0
DA:270,0
DA:276,1
DA:277,1
DA:278,1
DA:280,0
DA:282,0
DA:284,0
DA:289,0
DA:294,0
DA:295,0
DA:297,0
DA:300,0
DA:301,0
DA:303,0
DA:304,0
DA:305,0
DA:307,0
DA:310,0
DA:313,0
DA:314,0
DA:318,0
DA:320,0
DA:322,0
DA:327,0
DA:328,0
DA:330,0
DA:331,0
DA:336,0
DA:337,0
DA:344,0
DA:345,0
DA:347,0
DA:350,0
DA:351,0
DA:353,0
DA:354,0
DA:355,0
DA:357,0
DA:360,0
DA:363,0
DA:366,0
DA:368,0
DA:370,0
DA:375,0
DA:376,0
DA:377,0
DA:379,0
DA:380,0
DA:385,0
DA:386,0
DA:391,0
DA:392,0
DA:400,0
DA:402,0
DA:404,0
DA:405,0
DA:406,0
DA:415,0
DA:416,0
DA:419,0
DA:422,0
DA:424,0
DA:425,0
DA:426,0
DA:427,0
DA:434,0
DA:440,0
DA:443,0
DA:448,3
DA:457,0
DA:458,0
DA:459,0
DA:460,0
DA:461,0
DA:468,0
DA:469,0
DA:478,0
DA:485,0
DA:486,0
DA:487,0
DA:490,0
DA:491,0
DA:494,0
DA:497,0
DA:498,0
DA:499,0
DA:502,0
LF:172
LH:14
BRDA:18,0,0,0
BRDA:18,0,1,3
BRDA:18,1,0,3
BRDA:18,1,1,3
BRDA:29,2,0,0
BRDA:29,2,1,36
BRDA:61,3,0,3
BRDA:61,3,1,0
BRDA:65,4,0,0
BRDA:65,4,1,0
BRDA:75,5,0,0
BRDA:75,5,1,0
BRDA:92,6,0,0
BRDA:92,6,1,0
BRDA:95,7,0,0
BRDA:95,7,1,0
BRDA:164,8,0,0
BRDA:164,8,1,0
BRDA:167,9,0,0
BRDA:167,9,1,0
BRDA:170,10,0,0
BRDA:170,10,1,0
BRDA:202,11,0,0
BRDA:202,11,1,0
BRDA:202,12,0,0
BRDA:202,12,1,0
BRDA:251,13,0,0
BRDA:251,13,1,0
BRDA:251,14,0,0
BRDA:251,14,1,0
BRDA:277,15,0,1
BRDA:277,15,1,0
BRDA:277,16,0,1
BRDA:277,16,1,1
BRDA:294,17,0,0
BRDA:294,17,1,0
BRDA:313,18,0,0
BRDA:313,18,1,0
BRDA:320,19,0,0
BRDA:320,19,1,0
BRDA:330,20,0,0
BRDA:330,20,1,0
BRDA:336,21,0,0
BRDA:336,21,1,0
BRDA:344,22,0,0
BRDA:344,22,1,0
BRDA:368,23,0,0
BRDA:368,23,1,0
BRDA:379,24,0,0
BRDA:379,24,1,0
BRDA:385,25,0,0
BRDA:385,25,1,0
BRDA:391,26,0,0
BRDA:391,26,1,0
BRDA:405,27,0,0
BRDA:405,27,1,0
BRDA:415,28,0,0
BRDA:415,28,1,0
BRDA:422,29,0,0
BRDA:422,29,1,0
BRDA:422,30,0,0
BRDA:422,30,1,0
BRDA:425,31,0,0
BRDA:425,31,1,0
BRF:64
BRH:8
end_of_record
TN:
SF:static/js/authApiService.js
FN:8,createAuthApiService
FN:22,(anonymous_1)
FN:27,(anonymous_2)
FN:32,(anonymous_3)
FN:43,getCSRFToken
FN:50,fetchCSRFToken
FN:81,getCSRFTokenAsync
FN:91,extendErrorWithStatus
FN:99,authRequest
FN:148,login
FN:169,logout
FN:190,register
FN:212,verifySession
FN:235,refreshSession
FN:256,clearTokenCache
FN:281,(anonymous_15)
FNF:16
FNH:2
FNDA:3,createAuthApiService
FNDA:18,(anonymous_1)
FNDA:0,(anonymous_2)
FNDA:0,(anonymous_3)
FNDA:0,getCSRFToken
FNDA:0,fetchCSRFToken
FNDA:0,getCSRFTokenAsync
FNDA:0,extendErrorWithStatus
FNDA:0,authRequest
FNDA:0,login
FNDA:0,logout
FNDA:0,register
FNDA:0,verifySession
FNDA:0,refreshSession
FNDA:0,clearTokenCache
FNDA:0,(anonymous_15)
DA:14,3
DA:16,3
DA:17,0
DA:21,3
DA:22,18
DA:23,3
DA:24,0
DA:27,3
DA:32,3
DA:33,0
DA:40,3
DA:41,3
DA:44,0
DA:45,0
DA:47,0
DA:51,0
DA:52,0
DA:53,0
DA:58,0
DA:59,0
DA:62,0
DA:63,0
DA:64,0
DA:67,0
DA:69,0
DA:71,0
DA:72,0
DA:74,0
DA:75,0
DA:76,0
DA:77,0
DA:82,0
DA:83,0
DA:84,0
DA:85,0
DA:88,0
DA:92,0
DA:93,0
DA:94,0
DA:95,0
DA:96,0
DA:100,0
DA:101,0
DA:104,0
DA:105,0
DA:106,0
DA:107,0
DA:108,0
DA:111,0
DA:112,0
DA:113,0
DA:116,0
DA:118,0
DA:119,0
DA:120,0
DA:121,0
DA:122,0
DA:123,0
DA:124,0
DA:125,0
DA:126,0
DA:127,0
DA:130,0
DA:133,0
DA:134,0
DA:135,0
DA:136,0
DA:139,0
DA:140,0
DA:141,0
DA:143,0
DA:144,0
DA:149,0
DA:151,0
DA:152,0
DA:157,0
DA:158,0
DA:159,0
DA:161,0
DA:164,0
DA:165,0
DA:170,0
DA:172,0
DA:173,0
DA:176,0
DA:177,0
DA:179,0
DA:180,0
DA:182,0
DA:184,0
DA:185,0
DA:186,0
DA:191,0
DA:193,0
DA:194,0
DA:200,0
DA:201,0
DA:202,0
DA:204,0
DA:207,0
DA:208,0
DA:213,0
DA:215,0
DA:216,0
DA:218,0
DA:219,0
DA:223,0
DA:225,0
DA:226,0
DA:229,0
DA:231,0
DA:236,0
DA:238,0
DA:239,0
DA:241,0
DA:242,0
DA:246,0
DA:248,0
DA:251,0
DA:252,0
DA:257,0
DA:258,0
DA:259,0
DA:262,3
DA:282,0
DA:283,0
LF:126
LH:10
BRDA:8,0,0,0
BRDA:16,1,0,0
BRDA:16,1,1,3
BRDA:16,2,0,3
BRDA:16,2,1,3
BRDA:16,2,2,3
BRDA:16,2,3,3
BRDA:23,3,0,0
BRDA:23,3,1,3
BRDA:27,4,0,0
BRDA:32,5,0,0
BRDA:33,6,0,0
BRDA:33,6,1,0
BRDA:44,7,0,0
BRDA:44,7,1,0
BRDA:44,8,0,0
BRDA:44,8,1,0
BRDA:44,8,2,0
BRDA:58,9,0,0
BRDA:58,9,1,0
BRDA:63,10,0,0
BRDA:63,10,1,0
BRDA:81,11,0,0
BRDA:82,12,0,0
BRDA:82,12,1,0
BRDA:84,13,0,0
BRDA:84,13,1,0
BRDA:94,14,0,0
BRDA:94,14,1,0
BRDA:95,15,0,0
BRDA:95,15,1,0
BRDA:99,16,0,0
BRDA:105,17,0,0
BRDA:105,17,1,0
BRDA:112,18,0,0
BRDA:112,18,1,0
BRDA:112,19,0,0
BRDA:112,19,1,0
BRDA:118,20,0,0
BRDA:118,20,1,0
BRDA:122,21,0,0
BRDA:122,21,1,0
BRDA:124,22,0,0
BRDA:124,22,1,0
BRDA:126,23,0,0
BRDA:126,23,1,0
BRDA:144,24,0,0
BRDA:144,24,1,0
BRDA:157,25,0,0
BRDA:157,25,1,0
BRDA:157,26,0,0
BRDA:157,26,1,0
BRDA:161,27,0,0
BRDA:161,27,1,0
BRDA:200,28,0,0
BRDA:200,28,1,0
BRDA:204,29,0,0
BRDA:204,29,1,0
BRDA:218,30,0,0
BRDA:218,30,1,0
BRDA:218,31,0,0
BRDA:218,31,1,0
BRDA:241,32,0,0
BRDA:241,32,1,0
BRDA:241,33,0,0
BRDA:241,33,1,0
BRDA:248,34,0,0
BRDA:248,34,1,0
BRF:68
BRH:6
end_of_record
TN:
SF:static/js/authFormHandler.js
FN:8,createAuthFormHandler
FN:21,(anonymous_1)
FN:26,(anonymous_2)
FN:33,validateUsername
FN:50,validatePassword
FN:63,validateEmail
FN:75,setButtonLoading
FN:95,showError
FN:112,hideError
FN:125,clearForm
FN:130,(anonymous_10)
FN:139,bindFormSubmission
FN:145,(anonymous_12)
FN:167,bindInputValidation
FN:173,(anonymous_14)
FN:193,extendProps
FN:197,applyStyles
FN:221,(anonymous_17)
FNF:18
FNH:1
FNDA:4,createAuthFormHandler
FNDA:0,(anonymous_1)
FNDA:0,(anonymous_2)
FNDA:0,validateUsername
FNDA:0,validatePassword
FNDA:0,validateEmail
FNDA:0,setButtonLoading
FNDA:0,showError
FNDA:0,hideError
FNDA:0,clearForm
FNDA:0,(anonymous_10)
FNDA:0,bindFormSubmission
FNDA:0,(anonymous_12)
FNDA:0,bindInputValidation
FNDA:0,(anonymous_14)
FNDA:0,extendProps
FNDA:0,applyStyles
FNDA:0,(anonymous_17)
DA:15,4
DA:17,4
DA:18,0
DA:21,4
DA:26,4
DA:27,0
DA:34,0
DA:35,0
DA:37,0
DA:38,0
DA:39,0
DA:41,0
DA:42,0
DA:44,0
DA:45,0
DA:47,0
DA:51,0
DA:52,0
DA:54,0
DA:55,0
DA:57,0
DA:58,0
DA:60,0
DA:64,0
DA:65,0
DA:67,0
DA:68,0
DA:69,0
DA:70,0
DA:72,0
DA:76,0
DA:78,0
DA:79,0
DA:80,0
DA:81,0
DA:82,0
DA:83,0
DA:85,0
DA:86,0
DA:87,0
DA:88,0
DA:91,0
DA:96,0
DA:98,0
DA:99,0
DA:100,0
DA:101,0
DA:102,0
DA:103,0
DA:105,0
DA:106,0
DA:108,0
DA:113,0
DA:115,0
DA:116,0
DA:117,0
DA:118,0
DA:121,0
DA:126,0
DA:128,0
DA:129,0
DA:130,0
DA:131,0
DA:132,0
DA:135,0
DA:140,0
DA:141,0
DA:142,0
DA:145,0
DA:146,0
DA:147,0
DA:149,0
DA:150,0
DA:152,0
DA:153,0
DA:155,0
DA:159,0
DA:164,0
DA:168,0
DA:169,0
DA:170,0
DA:173,0
DA:174,0
DA:175,0
DA:177,0
DA:178,0
DA:179,0
DA:180,0
DA:182,0
DA:183,0
DA:187,0
DA:194,0
DA:198,0
DA:201,4
DA:222,0
DA:223,0
LF:96
LH:5
BRDA:8,0,0,0
BRDA:17,1,0,0
BRDA:17,1,1,4
BRDA:17,2,0,4
BRDA:17,2,1,4
BRDA:17,2,2,4
BRDA:17,2,3,4
BRDA:17,2,4,4
BRDA:21,3,0,0
BRDA:26,4,0,0
BRDA:27,5,0,0
BRDA:27,5,1,0
BRDA:34,6,0,0
BRDA:34,6,1,0
BRDA:34,7,0,0
BRDA:34,7,1,0
BRDA:38,8,0,0
BRDA:38,8,1,0
BRDA:41,9,0,0
BRDA:41,9,1,0
BRDA:44,10,0,0
BRDA:44,10,1,0
BRDA:51,11,0,0
BRDA:51,11,1,0
BRDA:51,12,0,0
BRDA:51,12,1,0
BRDA:54,13,0,0
BRDA:54,13,1,0
BRDA:57,14,0,0
BRDA:57,14,1,0
BRDA:64,15,0,0
BRDA:64,15,1,0
BRDA:64,16,0,0
BRDA:64,16,1,0
BRDA:69,17,0,0
BRDA:69,17,1,0
BRDA:75,18,0,0
BRDA:76,19,0,0
BRDA:76,19,1,0
BRDA:79,20,0,0
BRDA:79,20,1,0
BRDA:86,21,0,0
BRDA:86,21,1,0
BRDA:96,22,0,0
BRDA:96,22,1,0
BRDA:96,23,0,0
BRDA:96,23,1,0
BRDA:100,24,0,0
BRDA:100,24,1,0
BRDA:113,25,0,0
BRDA:113,25,1,0
BRDA:117,26,0,0
BRDA:117,26,1,0
BRDA:126,27,0,0
BRDA:126,27,1,0
BRDA:139,28,0,0
BRDA:139,29,0,0
BRDA:140,30,0,0
BRDA:140,30,1,0
BRDA:140,31,0,0
BRDA:140,31,1,0
BRDA:167,32,0,0
BRDA:167,33,0,0
BRDA:168,34,0,0
BRDA:168,34,1,0
BRDA:168,35,0,0
BRDA:168,35,1,0
BRDA:178,36,0,0
BRDA:178,36,1,0
BRDA:194,37,0,0
BRDA:194,37,1,0
BRDA:194,38,0,0
BRDA:194,38,1,0
BRDA:198,39,0,0
BRDA:198,39,1,0
BRDA:198,40,0,0
BRDA:198,40,1,0
BRF:77
BRH:6
end_of_record
TN:
SF:static/js/authStateManager.js
FN:8,createAuthStateManager
FN:20,(anonymous_1)
FN:25,(anonymous_2)
FN:45,getAuthState
FN:54,setAuthenticatedState
FN:96,setUnauthenticatedState
FN:125,updateLastVerification
FN:130,broadcastAuthStateChange
FN:160,startSessionMonitoring
FN:165,(anonymous_9)
FN:191,stopSessionMonitoring
FN:199,isAuthenticated
FN:203,getCurrentUser
FN:207,getCurrentUserId
FN:211,getCurrentUsername
FN:215,getSessionAge
FN:220,getTimeSinceLastVerification
FN:225,shouldVerifySession
FN:231,initializeFromStorage
FN:276,(anonymous_19)
FNF:20
FNH:1
FNDA:4,createAuthStateManager
FNDA:0,(anonymous_1)
FNDA:0,(anonymous_2)
FNDA:0,getAuthState
FNDA:0,setAuthenticatedState
FNDA:0,setUnauthenticatedState
FNDA:0,updateLastVerification
FNDA:0,broadcastAuthStateChange
FNDA:0,startSessionMonitoring
FNDA:0,(anonymous_9)
FNDA:0,stopSessionMonitoring
FNDA:0,isAuthenticated
FNDA:0,getCurrentUser
FNDA:0,getCurrentUserId
FNDA:0,getCurrentUsername
FNDA:0,getSessionAge
FNDA:0,getTimeSinceLastVerification
FNDA:0,shouldVerifySession
FNDA:0,initializeFromStorage
FNDA:0,(anonymous_19)
DA:14,4
DA:16,4
DA:17,0
DA:20,4
DA:25,4
DA:26,0
DA:33,4
DA:41,4
DA:42,4
DA:43,4
DA:46,0
DA:55,0
DA:56,0
DA:57,0
DA:60,0
DA:62,0
DA:63,0
DA:64,0
DA:66,0
DA:67,0
DA:70,0
DA:77,0
DA:80,0
DA:83,0
DA:84,0
DA:85,0
DA:91,0
DA:97,0
DA:99,0
DA:100,0
DA:101,0
DA:102,0
DA:104,0
DA:110,0
DA:113,0
DA:116,0
DA:117,0
DA:118,0
DA:120,0
DA:126,0
DA:127,0
DA:131,0
DA:132,0
DA:140,0
DA:141,0
DA:144,0
DA:145,0
DA:146,0
DA:147,0
DA:150,0
DA:156,0
DA:161,0
DA:162,0
DA:165,0
DA:166,0
DA:167,0
DA:168,0
DA:171,0
DA:172,0
DA:175,0
DA:176,0
DA:182,0
DA:188,0
DA:192,0
DA:193,0
DA:194,0
DA:195,0
DA:200,0
DA:204,0
DA:208,0
DA:212,0
DA:216,0
DA:217,0
DA:221,0
DA:222,0
DA:226,0
DA:227,0
DA:232,0
DA:234,0
DA:235,0
DA:236,0
DA:237,0
DA:238,0
DA:240,0
DA:243,0
DA:245,0
DA:248,4
DA:277,0
DA:278,0
DA:279,0
LF:90
LH:9
BRDA:8,0,0,0
BRDA:16,1,0,0
BRDA:16,1,1,4
BRDA:16,2,0,4
BRDA:16,2,1,4
BRDA:16,2,2,4
BRDA:20,3,0,0
BRDA:25,4,0,0
BRDA:26,5,0,0
BRDA:26,5,1,0
BRDA:48,6,0,0
BRDA:48,6,1,0
BRDA:55,7,0,0
BRDA:55,7,1,0
BRDA:55,8,0,0
BRDA:55,8,1,0
BRDA:66,9,0,0
BRDA:66,9,1,0
BRDA:83,10,0,0
BRDA:83,10,1,0
BRDA:116,11,0,0
BRDA:116,11,1,0
BRDA:144,12,0,0
BRDA:144,12,1,0
BRDA:144,13,0,0
BRDA:144,13,1,0
BRDA:146,14,0,0
BRDA:146,14,1,0
BRDA:146,15,0,0
BRDA:146,15,1,0
BRDA:161,16,0,0
BRDA:161,16,1,0
BRDA:166,17,0,0
BRDA:166,17,1,0
BRDA:172,18,0,0
BRDA:172,18,1,0
BRDA:175,19,0,0
BRDA:175,19,1,0
BRDA:184,20,0,0
BRDA:184,20,1,0
BRDA:192,21,0,0
BRDA:192,21,1,0
BRDA:204,22,0,0
BRDA:204,22,1,0
BRDA:208,23,0,0
BRDA:208,23,1,0
BRDA:212,24,0,0
BRDA:212,24,1,0
BRDA:216,25,0,0
BRDA:216,25,1,0
BRDA:221,26,0,0
BRDA:221,26,1,0
BRDA:225,27,0,0
BRDA:226,28,0,0
BRDA:226,28,1,0
BRDA:232,29,0,0
BRDA:232,29,1,0
BRDA:236,30,0,0
BRDA:236,30,1,0
BRF:59
BRH:4
end_of_record
TN:
SF:static/js/chat.js
FN:15,createChatManager
FN:69,_wireDOMElements
FN:87,(anonymous_2)
FN:95,initialize
FN:101,(anonymous_4)
FN:106,(anonymous_5)
FN:111,sendMessage
FN:152,(anonymous_7)
FN:153,(anonymous_8)
FN:154,(anonymous_9)
FN:155,(anonymous_10)
FN:161,cleanup
FN:164,(anonymous_12)
FNF:13
FNH:4
FNDA:1,createChatManager
FNDA:1,_wireDOMElements
FNDA:0,(anonymous_2)
FNDA:1,initialize
FNDA:1,(anonymous_4)
FNDA:0,(anonymous_5)
FNDA:0,sendMessage
FNDA:0,(anonymous_7)
FNDA:0,(anonymous_8)
FNDA:0,(anonymous_9)
FNDA:0,(anonymous_10)
FNDA:0,cleanup
FNDA:0,(anonymous_12)
DA:36,1
DA:38,1
DA:50,1
DA:51,9
DA:61,1
DA:62,1
DA:63,1
DA:71,1
DA:77,1
DA:78,1
DA:79,1
DA:81,1
DA:83,0
DA:87,0
DA:96,1
DA:98,1
DA:101,1
DA:102,1
DA:106,1
DA:107,0
DA:112,0
DA:114,0
DA:118,0
DA:120,0
DA:121,0
DA:126,0
DA:128,0
DA:133,0
DA:134,0
DA:140,0
DA:143,0
DA:145,0
DA:146,0
DA:152,1
DA:153,1
DA:154,1
DA:155,1
DA:162,0
DA:164,0
DA:165,0
DA:166,0
DA:168,0
DA:173,0
DA:174,0
DA:181,1
DA:194,1
DA:199,1
LF:47
LH:24
BRDA:15,0,0,0
BRDA:31,1,0,0
BRDA:51,2,0,0
BRDA:51,2,1,9
BRDA:112,3,0,0
BRDA:112,3,1,0
BRDA:112,4,0,0
BRDA:112,4,1,0
BRDA:128,5,0,0
BRDA:128,5,1,0
BRDA:128,5,2,0
BRDA:128,5,3,0
BRDA:133,6,0,0
BRDA:133,6,1,0
BRDA:138,7,0,0
BRDA:138,7,1,0
BRDA:165,8,0,0
BRDA:165,8,1,0
BRDA:165,9,0,0
BRDA:165,9,1,0
BRF:20
BRH:1
end_of_record
TN:
SF:static/js/chatExtensions.js
FN:13,createChatExtensions
FN:84,init
FN:109,(anonymous_2)
FN:115,(anonymous_3)
FN:143,destroy
FNF:5
FNH:1
FNDA:1,createChatExtensions
FNDA:0,init
FNDA:0,(anonymous_2)
FNDA:0,(anonymous_3)
FNDA:0,destroy
DA:17,1
DA:22,1
DA:26,1
DA:27,1
DA:31,0
DA:41,0
DA:42,0
DA:43,0
DA:56,0
DA:58,0
DA:61,0
DA:65,0
DA:66,0
DA:85,0
DA:88,0
DA:89,0
DA:95,0
DA:96,0
DA:99,0
DA:100,0
DA:101,0
DA:102,0
DA:106,0
DA:107,0
DA:109,0
DA:112,0
DA:116,0
DA:118,0
DA:119,0
DA:121,0
DA:124,0
DA:125,0
DA:131,0
DA:140,0
DA:144,0
DA:148,0
DA:150,0
DA:154,0
DA:161,0
DA:162,0
DA:165,0
DA:168,0
DA:169,0
DA:173,0
LF:44
LH:4
BRDA:13,0,0,0
BRDA:17,1,0,0
BRDA:17,1,1,1
BRDA:22,2,0,1
BRDA:22,2,1,1
BRDA:26,3,0,1
BRDA:26,3,1,0
BRDA:42,4,0,0
BRDA:42,4,1,0
BRDA:61,5,0,0
BRDA:61,5,1,0
BRDA:61,5,2,0
BRDA:65,6,0,0
BRDA:65,6,1,0
BRDA:65,7,0,0
BRDA:65,7,1,0
BRDA:100,8,0,0
BRDA:100,8,1,0
BRDA:109,9,0,0
BRDA:109,9,1,0
BRDA:116,10,0,0
BRDA:116,10,1,0
BRDA:119,11,0,0
BRDA:119,11,1,0
BRDA:119,12,0,0
BRDA:119,12,1,0
BRDA:119,12,2,0
BRDA:124,13,0,0
BRDA:124,13,1,0
BRDA:126,14,0,0
BRDA:126,14,1,0
BRDA:133,15,0,0
BRDA:133,15,1,0
BRDA:144,16,0,0
BRDA:144,16,1,0
BRDA:145,17,0,0
BRDA:145,17,1,0
BRDA:150,18,0,0
BRDA:150,18,1,0
BRDA:151,19,0,0
BRDA:151,19,1,0
BRDA:162,20,0,0
BRDA:162,20,1,0
BRDA:162,21,0,0
BRDA:162,21,1,0
BRDA:162,21,2,0
BRF:46
BRH:4
end_of_record
TN:
SF:static/js/chatUIEnhancements.js
FN:22,createChatUIEnhancements
FN:25,(anonymous_1)
FN:33,getChatManager
FN:40,getState
FN:44,setState
FN:63,_getChatController
FN:73,createMessageElement
FN:77,scrollToBottom
FN:81,setMessageContainer
FN:86,showTypingIndicator
FN:90,hideTypingIndicator
FN:94,appendMessage
FN:102,clearConversationList
FN:106,renderCitationsAsDOM
FN:124,initialize
FN:129,(anonymous_15)
FN:188,setupChatHeaderCollapse
FN:197,(anonymous_17)
FN:220,setupMobileEnhancements
FN:222,(anonymous_19)
FN:242,(anonymous_20)
FN:255,setupProjectChatEnhancements
FN:262,(anonymous_22)
FN:266,(anonymous_23)
FN:288,setupConversationListItemClicks
FN:296,(anonymous_25)
FN:309,(anonymous_26)
FN:316,(anonymous_27)
FN:332,handleNewMessage
FN:362,_legacyHeavyCreateMessageElement
FN:427,(anonymous_30)
FN:458,copyMessageToClipboard
FN:473,(anonymous_32)
FN:479,(anonymous_33)
FN:496,(anonymous_34)
FN:531,showCopyFeedback
FN:545,(anonymous_36)
FN:552,(anonymous_37)
FN:557,(anonymous_38)
FN:559,(anonymous_39)
FN:581,_legacyShowTypingIndicatorHeavy
FN:629,_legacyHideTypingIndicatorHeavy
FN:660,legacySetMessageContainer
FN:684,attachEventHandlers
FN:710,(anonymous_44)
FN:728,(anonymous_45)
FN:749,confirmDeleteConversationModal
FN:754,(anonymous_47)
FN:760,(anonymous_48)
FN:761,(anonymous_49)
FN:771,(anonymous_50)
FN:791,(anonymous_51)
FN:799,(anonymous_52)
FN:808,(anonymous_53)
FN:828,(anonymous_54)
FN:848,cleanup
FNF:56
FNH:0
FNDA:0,createChatUIEnhancements
FNDA:0,(anonymous_1)
FNDA:0,getChatManager
FNDA:0,getState
FNDA:0,setState
FNDA:0,_getChatController
FNDA:0,createMessageElement
FNDA:0,scrollToBottom
FNDA:0,setMessageContainer
FNDA:0,showTypingIndicator
FNDA:0,hideTypingIndicator
FNDA:0,appendMessage
FNDA:0,clearConversationList
FNDA:0,renderCitationsAsDOM
FNDA:0,initialize
FNDA:0,(anonymous_15)
FNDA:0,setupChatHeaderCollapse
FNDA:0,(anonymous_17)
FNDA:0,setupMobileEnhancements
FNDA:0,(anonymous_19)
FNDA:0,(anonymous_20)
FNDA:0,setupProjectChatEnhancements
FNDA:0,(anonymous_22)
FNDA:0,(anonymous_23)
FNDA:0,setupConversationListItemClicks
FNDA:0,(anonymous_25)
FNDA:0,(anonymous_26)
FNDA:0,(anonymous_27)
FNDA:0,handleNewMessage
FNDA:0,_legacyHeavyCreateMessageElement
FNDA:0,(anonymous_30)
FNDA:0,copyMessageToClipboard
FNDA:0,(anonymous_32)
FNDA:0,(anonymous_33)
FNDA:0,(anonymous_34)
FNDA:0,showCopyFeedback
FNDA:0,(anonymous_36)
FNDA:0,(anonymous_37)
FNDA:0,(anonymous_38)
FNDA:0,(anonymous_39)
FNDA:0,_legacyShowTypingIndicatorHeavy
FNDA:0,_legacyHideTypingIndicatorHeavy
FNDA:0,legacySetMessageContainer
FNDA:0,attachEventHandlers
FNDA:0,(anonymous_44)
FNDA:0,(anonymous_45)
FNDA:0,confirmDeleteConversationModal
FNDA:0,(anonymous_47)
FNDA:0,(anonymous_48)
FNDA:0,(anonymous_49)
FNDA:0,(anonymous_50)
FNDA:0,(anonymous_51)
FNDA:0,(anonymous_52)
FNDA:0,(anonymous_53)
FNDA:0,(anonymous_54)
FNDA:0,cleanup
DA:24,0
DA:25,0
DA:27,0
DA:28,0
DA:30,0
DA:34,0
DA:38,0
DA:41,0
DA:45,0
DA:46,0
DA:51,0
DA:52,0
DA:53,0
DA:54,0
DA:55,0
DA:56,0
DA:64,0
DA:74,0
DA:78,0
DA:82,0
DA:83,0
DA:87,0
DA:91,0
DA:95,0
DA:96,0
DA:97,0
DA:98,0
DA:99,0
DA:103,0
DA:107,0
DA:110,0
DA:113,0
DA:125,0
DA:126,0
DA:127,0
DA:129,0
DA:130,0
DA:133,0
DA:135,0
DA:136,0
DA:138,0
DA:139,0
DA:145,0
DA:146,0
DA:147,0
DA:148,0
DA:150,0
DA:152,0
DA:156,0
DA:157,0
DA:158,0
DA:159,0
DA:161,0
DA:163,0
DA:164,0
DA:172,0
DA:173,0
DA:174,0
DA:176,0
DA:181,0
DA:182,0
DA:189,0
DA:190,0
DA:192,0
DA:194,0
DA:198,0
DA:199,0
DA:201,0
DA:202,0
DA:205,0
DA:206,0
DA:207,0
DA:222,0
DA:223,0
DA:224,0
DA:229,0
DA:230,0
DA:232,0
DA:235,0
DA:236,0
DA:240,0
DA:243,0
DA:244,0
DA:257,0
DA:258,0
DA:259,0
DA:263,0
DA:264,0
DA:265,0
DA:267,0
DA:278,0
DA:282,0
DA:289,0
DA:290,0
DA:293,0
DA:298,0
DA:299,0
DA:302,0
DA:303,0
DA:306,0
DA:307,0
DA:309,0
DA:310,0
DA:312,0
DA:315,0
DA:317,0
DA:333,0
DA:334,0
DA:335,0
DA:338,0
DA:339,0
DA:340,0
DA:342,0
DA:343,0
DA:344,0
DA:346,0
DA:363,0
DA:364,0
DA:365,0
DA:368,0
DA:369,0
DA:370,0
DA:371,0
DA:375,0
DA:376,0
DA:379,0
DA:382,0
DA:385,0
DA:386,0
DA:389,0
DA:390,0
DA:393,0
DA:395,0
DA:396,0
DA:399,0
DA:400,0
DA:404,0
DA:405,0
DA:408,0
DA:409,0
DA:410,0
DA:413,0
DA:414,0
DA:415,0
DA:417,0
DA:418,0
DA:419,0
DA:420,0
DA:421,0
DA:424,0
DA:428,0
DA:433,0
DA:434,0
DA:438,0
DA:439,0
DA:440,0
DA:441,0
DA:443,0
DA:445,0
DA:450,0
DA:459,0
DA:461,0
DA:462,0
DA:464,0
DA:465,0
DA:467,0
DA:470,0
DA:471,0
DA:472,0
DA:474,0
DA:477,0
DA:480,0
DA:483,0
DA:487,0
DA:491,0
DA:492,0
DA:496,0
DA:497,0
DA:499,0
DA:501,0
DA:502,0
DA:503,0
DA:504,0
DA:505,0
DA:509,0
DA:513,0
DA:515,0
DA:518,0
DA:520,0
DA:521,0
DA:532,0
DA:533,0
DA:535,0
DA:536,0
DA:537,0
DA:540,0
DA:545,0
DA:548,0
DA:549,0
DA:552,0
DA:553,0
DA:557,0
DA:558,0
DA:559,0
DA:560,0
DA:561,0
DA:566,0
DA:582,0
DA:583,0
DA:584,0
DA:587,0
DA:590,0
DA:591,0
DA:592,0
DA:595,0
DA:599,0
DA:600,0
DA:601,0
DA:604,0
DA:605,0
DA:607,0
DA:608,0
DA:609,0
DA:610,0
DA:613,0
DA:614,0
DA:616,0
DA:617,0
DA:619,0
DA:630,0
DA:631,0
DA:632,0
DA:635,0
DA:638,0
DA:639,0
DA:640,0
DA:641,0
DA:642,0
DA:646,0
DA:650,0
DA:661,0
DA:663,0
DA:667,0
DA:668,0
DA:670,0
DA:690,0
DA:692,0
DA:693,0
DA:699,0
DA:703,0
DA:706,0
DA:707,0
DA:711,0
DA:712,0
DA:713,0
DA:724,0
DA:725,0
DA:729,0
DA:738,0
DA:750,0
DA:753,0
DA:754,0
DA:755,0
DA:760,0
DA:761,0
DA:766,0
DA:767,0
DA:768,0
DA:771,0
DA:772,0
DA:773,0
DA:774,0
DA:777,0
DA:779,0
DA:791,0
DA:792,0
DA:793,0
DA:797,0
DA:799,0
DA:803,0
DA:804,0
DA:805,0
DA:808,0
DA:814,0
DA:818,0
DA:823,0
DA:824,0
DA:825,0
DA:828,0
DA:834,0
DA:838,0
DA:849,0
DA:850,0
DA:855,0
DA:858,0
DA:859,0
DA:861,0
DA:870,0
DA:888,0
DA:889,0
DA:890,0
DA:891,0
DA:892,0
DA:893,0
DA:897,0
LF:305
LH:0
BRDA:22,0,0,0
BRDA:25,1,0,0
BRDA:25,1,1,0
BRDA:27,2,0,0
BRDA:27,3,0,0
BRDA:30,4,0,0
BRDA:30,4,1,0
BRDA:34,5,0,0
BRDA:34,5,1,0
BRDA:34,5,2,0
BRDA:40,6,0,0
BRDA:41,7,0,0
BRDA:41,7,1,0
BRDA:41,8,0,0
BRDA:41,8,1,0
BRDA:45,9,0,0
BRDA:45,9,1,0
BRDA:51,10,0,0
BRDA:51,10,1,0
BRDA:56,11,0,0
BRDA:56,11,1,0
BRDA:64,12,0,0
BRDA:64,12,1,0
BRDA:73,13,0,0
BRDA:73,14,0,0
BRDA:74,15,0,0
BRDA:74,15,1,0
BRDA:94,16,0,0
BRDA:94,17,0,0
BRDA:94,18,0,0
BRDA:96,19,0,0
BRDA:96,19,1,0
BRDA:97,20,0,0
BRDA:97,20,1,0
BRDA:99,21,0,0
BRDA:99,21,1,0
BRDA:99,22,0,0
BRDA:99,22,1,0
BRDA:99,22,2,0
BRDA:107,23,0,0
BRDA:107,23,1,0
BRDA:124,24,0,0
BRDA:133,25,0,0
BRDA:133,25,1,0
BRDA:146,26,0,0
BRDA:146,26,1,0
BRDA:163,27,0,0
BRDA:163,27,1,0
BRDA:173,28,0,0
BRDA:173,28,1,0
BRDA:174,29,0,0
BRDA:174,29,1,0
BRDA:177,30,0,0
BRDA:177,30,1,0
BRDA:192,31,0,0
BRDA:192,31,1,0
BRDA:192,32,0,0
BRDA:192,32,1,0
BRDA:201,33,0,0
BRDA:201,33,1,0
BRDA:202,34,0,0
BRDA:202,34,1,0
BRDA:206,35,0,0
BRDA:206,35,1,0
BRDA:207,36,0,0
BRDA:207,36,1,0
BRDA:223,37,0,0
BRDA:223,37,1,0
BRDA:223,38,0,0
BRDA:223,38,1,0
BRDA:230,39,0,0
BRDA:230,39,1,0
BRDA:258,40,0,0
BRDA:258,40,1,0
BRDA:258,41,0,0
BRDA:258,41,1,0
BRDA:264,42,0,0
BRDA:264,42,1,0
BRDA:290,43,0,0
BRDA:290,43,1,0
BRDA:299,44,0,0
BRDA:299,44,1,0
BRDA:303,45,0,0
BRDA:303,45,1,0
BRDA:307,46,0,0
BRDA:307,46,1,0
BRDA:333,47,0,0
BRDA:333,47,1,0
BRDA:340,48,0,0
BRDA:340,48,1,0
BRDA:342,49,0,0
BRDA:342,49,1,0
BRDA:342,50,0,0
BRDA:342,50,1,0
BRDA:362,51,0,0
BRDA:362,52,0,0
BRDA:369,53,0,0
BRDA:369,53,1,0
BRDA:370,54,0,0
BRDA:370,54,1,0
BRDA:379,55,0,0
BRDA:379,55,1,0
BRDA:393,56,0,0
BRDA:393,56,1,0
BRDA:393,57,0,0
BRDA:393,57,1,0
BRDA:413,58,0,0
BRDA:413,58,1,0
BRDA:448,59,0,0
BRDA:448,59,1,0
BRDA:471,60,0,0
BRDA:471,60,1,0
BRDA:504,61,0,0
BRDA:504,61,1,0
BRDA:520,62,0,0
BRDA:520,62,1,0
BRDA:536,63,0,0
BRDA:536,63,1,0
BRDA:537,64,0,0
BRDA:537,64,1,0
BRDA:542,65,0,0
BRDA:542,65,1,0
BRDA:560,66,0,0
BRDA:560,66,1,0
BRDA:583,67,0,0
BRDA:583,67,1,0
BRDA:590,68,0,0
BRDA:590,68,1,0
BRDA:591,69,0,0
BRDA:591,69,1,0
BRDA:631,70,0,0
BRDA:631,70,1,0
BRDA:639,71,0,0
BRDA:639,71,1,0
BRDA:639,72,0,0
BRDA:639,72,1,0
BRDA:667,73,0,0
BRDA:667,73,1,0
BRDA:672,74,0,0
BRDA:672,74,1,0
BRDA:692,75,0,0
BRDA:692,75,1,0
BRDA:692,76,0,0
BRDA:692,76,1,0
BRDA:692,76,2,0
BRDA:706,77,0,0
BRDA:706,77,1,0
BRDA:706,78,0,0
BRDA:706,78,1,0
BRDA:711,79,0,0
BRDA:711,79,1,0
BRDA:711,80,0,0
BRDA:711,80,1,0
BRDA:724,81,0,0
BRDA:724,81,1,0
BRDA:724,82,0,0
BRDA:724,82,1,0
BRDA:729,83,0,0
BRDA:729,83,1,0
BRDA:753,84,0,0
BRDA:753,84,1,0
BRDA:757,85,0,0
BRDA:757,85,1,0
BRDA:766,86,0,0
BRDA:766,86,1,0
BRDA:766,87,0,0
BRDA:766,87,1,0
BRDA:777,88,0,0
BRDA:777,88,1,0
BRDA:804,89,0,0
BRDA:804,89,1,0
BRDA:824,90,0,0
BRDA:824,90,1,0
BRF:173
BRH:0
end_of_record
TN:
SF:static/js/eventHandler.js
FN:27,createEventHandlers
FN:64,setDomReadinessService
FN:71,setLogger
FN:72,setSafeHandler
FN:75,setErrorReporter
FN:79,resolveSafeHandler
FN:104,redirect
FN:125,trackListener
FN:140,(anonymous_8)
FN:145,(anonymous_9)
FN:148,(anonymous_10)
FN:156,(anonymous_11)
FN:175,toggleVisible
FN:185,togglePanelFactory
FN:186,togglePanel
FN:200,setupCollapsible
FN:222,handleCollapsibleClick
FN:237,makeModalOpenHandler
FN:238,open
FN:253,makeModalCloseHandler
FN:254,close
FN:269,setupModal
FN:275,(anonymous_22)
FN:275,(anonymous_23)
FN:282,handleModalEscClose
FN:286,handleModalBackdropClick
FN:327,setupForm
FN:336,handleSubmit
FN:404,setupCommonElements
FN:407,handleDarkModeToggleClick
FN:428,setupNavigationElements
FN:430,(anonymous_31)
FN:432,handleNavLinkClick
FN:455,setupProjectModalForm
FN:467,handleProjectFormSubmit
FN:511,handleProjectFormError
FN:528,setupContentElements
FN:530,(anonymous_37)
FN:539,untrackListener
FN:571,cleanupListeners
FN:576,(anonymous_40)
FN:578,(anonymous_41)
FN:579,(anonymous_42)
FN:597,(anonymous_43)
FN:615,delegate
FN:616,delegatedEventHandler
FN:632,setupLoginModalTabs
FN:638,handleLoginTabClick
FN:653,handleRegisterTabClick
FN:703,createCustomEvent
FN:719,dispatch
FN:744,cleanup
FN:766,(anonymous_52)
FN:777,(anonymous_53)
FN:784,(anonymous_54)
FN:813,(anonymous_55)
FN:817,(anonymous_56)
FN:828,bindAuthButtonDelegate
FN:847,handleAuthButtonClick
FN:879,handleRequestLogin
FN:889,handleModalsLoaded
FNF:61
FNH:11
FNDA:2,createEventHandlers
FNDA:1,setDomReadinessService
FNDA:1,setLogger
FNDA:1,setSafeHandler
FNDA:0,setErrorReporter
FNDA:0,resolveSafeHandler
FNDA:0,redirect
FNDA:2,trackListener
FNDA:0,(anonymous_8)
FNDA:0,(anonymous_9)
FNDA:0,(anonymous_10)
FNDA:0,(anonymous_11)
FNDA:0,toggleVisible
FNDA:0,togglePanelFactory
FNDA:0,togglePanel
FNDA:0,setupCollapsible
FNDA:0,handleCollapsibleClick
FNDA:0,makeModalOpenHandler
FNDA:0,open
FNDA:0,makeModalCloseHandler
FNDA:0,close
FNDA:0,setupModal
FNDA:0,(anonymous_22)
FNDA:0,(anonymous_23)
FNDA:0,handleModalEscClose
FNDA:0,handleModalBackdropClick
FNDA:0,setupForm
FNDA:0,handleSubmit
FNDA:0,setupCommonElements
FNDA:0,handleDarkModeToggleClick
FNDA:0,setupNavigationElements
FNDA:0,(anonymous_31)
FNDA:0,handleNavLinkClick
FNDA:0,setupProjectModalForm
FNDA:0,handleProjectFormSubmit
FNDA:0,handleProjectFormError
FNDA:0,setupContentElements
FNDA:0,(anonymous_37)
FNDA:0,untrackListener
FNDA:1,cleanupListeners
FNDA:1,(anonymous_40)
FNDA:1,(anonymous_41)
FNDA:2,(anonymous_42)
FNDA:2,(anonymous_43)
FNDA:0,delegate
FNDA:0,delegatedEventHandler
FNDA:0,setupLoginModalTabs
FNDA:0,handleLoginTabClick
FNDA:0,handleRegisterTabClick
FNDA:0,createCustomEvent
FNDA:0,dispatch
FNDA:0,cleanup
FNDA:0,(anonymous_52)
FNDA:2,(anonymous_53)
FNDA:0,(anonymous_54)
FNDA:0,(anonymous_55)
FNDA:0,(anonymous_56)
FNDA:0,bindAuthButtonDelegate
FNDA:0,handleAuthButtonClick
FNDA:0,handleRequestLogin
FNDA:0,handleModalsLoaded
DA:43,2
DA:44,0
DA:46,2
DA:47,0
DA:49,2
DA:50,0
DA:52,2
DA:53,0
DA:55,2
DA:56,0
DA:57,2
DA:58,0
DA:62,2
DA:63,2
DA:65,1
DA:67,1
DA:68,1
DA:71,1
DA:72,1
DA:75,0
DA:78,2
DA:80,0
DA:81,0
DA:82,0
DA:83,0
DA:86,0
DA:89,2
DA:96,2
DA:99,2
DA:102,2
DA:105,0
DA:106,0
DA:107,0
DA:108,0
DA:109,0
DA:110,0
DA:114,2
DA:115,2
DA:126,2
DA:128,2
DA:129,2
DA:130,2
DA:133,2
DA:134,2
DA:135,2
DA:136,2
DA:137,2
DA:138,0
DA:140,2
DA:142,2
DA:144,0
DA:145,0
DA:146,0
DA:148,0
DA:154,2
DA:156,2
DA:157,0
DA:158,0
DA:160,0
DA:164,2
DA:171,2
DA:177,0
DA:180,0
DA:186,0
DA:187,0
DA:188,0
DA:189,0
DA:191,0
DA:192,0
DA:194,0
DA:195,0
DA:201,0
DA:202,0
DA:203,0
DA:205,0
DA:206,0
DA:209,0
DA:210,0
DA:211,0
DA:213,0
DA:215,0
DA:216,0
DA:217,0
DA:219,0
DA:223,0
DA:224,0
DA:227,0
DA:238,0
DA:239,0
DA:240,0
DA:242,0
DA:243,0
DA:244,0
DA:245,0
DA:247,0
DA:248,0
DA:254,0
DA:255,0
DA:256,0
DA:257,0
DA:258,0
DA:260,0
DA:261,0
DA:263,0
DA:264,0
DA:270,0
DA:271,0
DA:272,0
DA:274,0
DA:275,0
DA:278,0
DA:279,0
DA:283,0
DA:287,0
DA:291,0
DA:292,0
DA:299,0
DA:300,0
DA:308,0
DA:315,0
DA:322,0
DA:328,0
DA:329,0
DA:330,0
DA:333,0
DA:337,0
DA:338,0
DA:340,0
DA:341,0
DA:342,0
DA:343,0
DA:347,0
DA:348,0
DA:349,0
DA:350,0
DA:351,0
DA:352,0
DA:355,0
DA:356,0
DA:357,0
DA:358,0
DA:359,0
DA:360,0
DA:361,0
DA:364,0
DA:365,0
DA:366,0
DA:368,0
DA:374,0
DA:379,0
DA:380,0
DA:381,0
DA:382,0
DA:383,0
DA:384,0
DA:385,0
DA:386,0
DA:393,0
DA:405,0
DA:406,0
DA:408,0
DA:409,0
DA:410,0
DA:412,0
DA:418,0
DA:420,0
DA:421,0
DA:429,0
DA:430,0
DA:431,0
DA:433,0
DA:434,0
DA:435,0
DA:437,0
DA:448,0
DA:456,0
DA:459,0
DA:460,0
DA:462,0
DA:463,0
DA:464,0
DA:465,0
DA:468,0
DA:470,0
DA:477,0
DA:478,0
DA:481,0
DA:482,0
DA:485,0
DA:486,0
DA:496,0
DA:497,0
DA:498,0
DA:499,0
DA:504,0
DA:505,0
DA:507,0
DA:508,0
DA:509,0
DA:512,0
DA:514,0
DA:523,0
DA:529,0
DA:530,0
DA:531,0
DA:532,0
DA:533,0
DA:534,0
DA:540,0
DA:541,0
DA:542,0
DA:543,0
DA:545,0
DA:546,0
DA:547,0
DA:550,0
DA:551,0
DA:552,0
DA:553,0
DA:556,0
DA:557,0
DA:558,0
DA:559,0
DA:561,0
DA:567,0
DA:572,1
DA:574,1
DA:576,1
DA:577,1
DA:578,1
DA:579,1
DA:580,2
DA:581,2
DA:583,2
DA:584,2
DA:586,0
DA:589,0
DA:597,1
DA:598,2
DA:599,2
DA:600,2
DA:601,2
DA:602,2
DA:603,2
DA:604,1
DA:607,2
DA:608,1
DA:616,0
DA:617,0
DA:618,0
DA:619,0
DA:622,0
DA:633,0
DA:634,0
DA:635,0
DA:639,0
DA:640,0
DA:641,0
DA:642,0
DA:643,0
DA:645,0
DA:646,0
DA:647,0
DA:648,0
DA:649,0
DA:650,0
DA:654,0
DA:655,0
DA:656,0
DA:658,0
DA:659,0
DA:662,0
DA:663,0
DA:664,0
DA:666,0
DA:667,0
DA:668,0
DA:670,0
DA:671,0
DA:673,0
DA:674,0
DA:679,0
DA:688,0
DA:704,0
DA:705,0
DA:706,0
DA:708,0
DA:720,0
DA:721,0
DA:723,0
DA:728,0
DA:729,0
DA:732,0
DA:734,0
DA:735,0
DA:737,0
DA:740,0
DA:747,0
DA:752,2
DA:766,0
DA:778,2
DA:783,2
DA:784,2
DA:785,0
DA:787,0
DA:788,0
DA:791,0
DA:794,0
DA:795,0
DA:803,0
DA:804,0
DA:805,0
DA:806,0
DA:809,0
DA:810,0
DA:814,0
DA:815,0
DA:818,0
DA:823,0
DA:829,0
DA:830,0
DA:832,0
DA:848,0
DA:849,0
DA:851,0
DA:852,0
DA:853,0
DA:854,0
DA:857,0
DA:859,0
DA:860,0
DA:862,0
DA:868,0
DA:875,0
DA:880,0
DA:882,0
DA:890,0
DA:891,0
DA:893,0
DA:901,0
DA:903,0
DA:904,0
DA:907,0
DA:908,0
DA:911,2
LF:345
LH:60
BRDA:27,0,0,0
BRDA:43,1,0,0
BRDA:43,1,1,2
BRDA:46,2,0,0
BRDA:46,2,1,2
BRDA:49,3,0,0
BRDA:49,3,1,2
BRDA:52,4,0,0
BRDA:52,4,1,2
BRDA:55,5,0,0
BRDA:55,5,1,2
BRDA:57,6,0,0
BRDA:57,6,1,2
BRDA:63,7,0,2
BRDA:63,7,1,2
BRDA:67,8,0,1
BRDA:67,8,1,0
BRDA:71,9,0,1
BRDA:71,9,1,0
BRDA:72,10,0,1
BRDA:72,10,1,0
BRDA:75,11,0,0
BRDA:75,11,1,0
BRDA:80,12,0,0
BRDA:80,12,1,0
BRDA:80,13,0,0
BRDA:80,13,1,0
BRDA:81,14,0,0
BRDA:81,14,1,0
BRDA:102,15,0,2
BRDA:102,15,1,2
BRDA:105,16,0,0
BRDA:105,16,1,0
BRDA:107,17,0,0
BRDA:107,17,1,0
BRDA:107,18,0,0
BRDA:107,18,1,0
BRDA:109,19,0,0
BRDA:109,19,1,0
BRDA:109,20,0,0
BRDA:109,20,1,0
BRDA:125,21,0,0
BRDA:126,22,0,0
BRDA:126,22,1,2
BRDA:126,23,0,2
BRDA:126,23,1,2
BRDA:128,24,0,2
BRDA:128,25,0,2
BRDA:130,26,0,0
BRDA:130,26,1,2
BRDA:133,27,0,2
BRDA:133,27,1,1
BRDA:134,28,0,2
BRDA:134,28,1,1
BRDA:135,29,0,1
BRDA:135,29,1,1
BRDA:136,30,0,1
BRDA:136,30,1,1
BRDA:137,31,0,0
BRDA:137,31,1,2
BRDA:142,32,0,0
BRDA:142,32,1,2
BRDA:177,33,0,0
BRDA:177,33,1,0
BRDA:188,34,0,0
BRDA:188,34,1,0
BRDA:188,35,0,0
BRDA:188,35,1,0
BRDA:191,36,0,0
BRDA:191,36,1,0
BRDA:191,37,0,0
BRDA:191,37,1,0
BRDA:194,38,0,0
BRDA:194,38,1,0
BRDA:194,39,0,0
BRDA:194,39,1,0
BRDA:203,40,0,0
BRDA:203,40,1,0
BRDA:205,41,0,0
BRDA:205,41,1,0
BRDA:205,42,0,0
BRDA:205,42,1,0
BRDA:216,43,0,0
BRDA:216,43,1,0
BRDA:216,44,0,0
BRDA:216,44,1,0
BRDA:239,45,0,0
BRDA:239,45,1,0
BRDA:242,46,0,0
BRDA:242,46,1,0
BRDA:244,47,0,0
BRDA:244,47,1,0
BRDA:255,48,0,0
BRDA:255,48,1,0
BRDA:257,49,0,0
BRDA:257,49,1,0
BRDA:263,50,0,0
BRDA:263,50,1,0
BRDA:271,51,0,0
BRDA:271,51,1,0
BRDA:272,52,0,0
BRDA:272,52,1,0
BRDA:274,53,0,0
BRDA:274,53,1,0
BRDA:283,54,0,0
BRDA:283,54,1,0
BRDA:287,55,0,0
BRDA:287,55,1,0
BRDA:291,56,0,0
BRDA:291,56,1,0
BRDA:299,57,0,0
BRDA:299,57,1,0
BRDA:327,58,0,0
BRDA:329,59,0,0
BRDA:329,59,1,0
BRDA:333,60,0,0
BRDA:333,61,0,0
BRDA:333,62,0,0
BRDA:338,63,0,0
BRDA:338,63,1,0
BRDA:340,64,0,0
BRDA:340,64,1,0
BRDA:341,65,0,0
BRDA:341,65,1,0
BRDA:348,66,0,0
BRDA:348,66,1,0
BRDA:348,67,0,0
BRDA:348,67,1,0
BRDA:356,68,0,0
BRDA:356,68,1,0
BRDA:360,69,0,0
BRDA:360,69,1,0
BRDA:364,70,0,0
BRDA:364,70,1,0
BRDA:370,71,0,0
BRDA:370,71,1,0
BRDA:376,72,0,0
BRDA:376,72,1,0
BRDA:379,73,0,0
BRDA:379,73,1,0
BRDA:381,74,0,0
BRDA:381,74,1,0
BRDA:384,75,0,0
BRDA:384,75,1,0
BRDA:406,76,0,0
BRDA:406,76,1,0
BRDA:406,77,0,0
BRDA:406,77,1,0
BRDA:410,78,0,0
BRDA:410,78,1,0
BRDA:420,79,0,0
BRDA:420,79,1,0
BRDA:431,80,0,0
BRDA:431,80,1,0
BRDA:435,81,0,0
BRDA:435,81,1,0
BRDA:440,82,0,0
BRDA:440,82,1,0
BRDA:442,83,0,0
BRDA:442,83,1,0
BRDA:459,84,0,0
BRDA:459,84,1,0
BRDA:459,85,0,0
BRDA:459,85,1,0
BRDA:463,86,0,0
BRDA:463,86,1,0
BRDA:470,87,0,0
BRDA:470,87,1,0
BRDA:477,88,0,0
BRDA:477,88,1,0
BRDA:477,89,0,0
BRDA:477,89,1,0
BRDA:481,90,0,0
BRDA:481,90,1,0
BRDA:485,91,0,0
BRDA:485,91,1,0
BRDA:485,92,0,0
BRDA:485,92,1,0
BRDA:496,93,0,0
BRDA:496,93,1,0
BRDA:498,94,0,0
BRDA:498,94,1,0
BRDA:498,95,0,0
BRDA:498,95,1,0
BRDA:504,96,0,0
BRDA:504,96,1,0
BRDA:533,97,0,0
BRDA:533,97,1,0
BRDA:534,98,0,0
BRDA:534,98,1,0
BRDA:541,99,0,0
BRDA:541,99,1,0
BRDA:543,100,0,0
BRDA:543,100,1,0
BRDA:543,101,0,0
BRDA:543,101,1,0
BRDA:547,102,0,0
BRDA:547,102,1,0
BRDA:547,103,0,0
BRDA:547,103,1,0
BRDA:548,104,0,0
BRDA:548,104,1,0
BRDA:551,105,0,0
BRDA:551,105,1,0
BRDA:552,106,0,0
BRDA:552,106,1,0
BRDA:558,107,0,0
BRDA:558,107,1,0
BRDA:559,108,0,0
BRDA:559,108,1,0
BRDA:571,109,0,0
BRDA:577,110,0,0
BRDA:577,110,1,1
BRDA:577,111,0,1
BRDA:577,111,1,0
BRDA:580,112,0,2
BRDA:580,112,1,0
BRDA:580,113,0,2
BRDA:580,113,1,2
BRDA:599,114,0,2
BRDA:599,114,1,0
BRDA:601,115,0,2
BRDA:601,115,1,0
BRDA:603,116,0,1
BRDA:603,116,1,1
BRDA:607,117,0,1
BRDA:607,117,1,1
BRDA:615,118,0,0
BRDA:618,119,0,0
BRDA:618,119,1,0
BRDA:624,120,0,0
BRDA:624,120,1,0
BRDA:625,121,0,0
BRDA:625,121,1,0
BRDA:626,122,0,0
BRDA:626,122,1,0
BRDA:627,123,0,0
BRDA:627,123,1,0
BRDA:634,124,0,0
BRDA:634,124,1,0
BRDA:642,125,0,0
BRDA:642,125,1,0
BRDA:642,126,0,0
BRDA:642,126,1,0
BRDA:642,126,2,0
BRDA:658,127,0,0
BRDA:658,127,1,0
BRDA:658,128,0,0
BRDA:658,128,1,0
BRDA:658,128,2,0
BRDA:662,129,0,0
BRDA:662,129,1,0
BRDA:662,130,0,0
BRDA:662,130,1,0
BRDA:666,131,0,0
BRDA:666,131,1,0
BRDA:666,132,0,0
BRDA:666,132,1,0
BRDA:670,133,0,0
BRDA:670,133,1,0
BRDA:670,134,0,0
BRDA:670,134,1,0
BRDA:673,135,0,0
BRDA:673,135,1,0
BRDA:673,136,0,0
BRDA:673,136,1,0
BRDA:703,137,0,0
BRDA:705,138,0,0
BRDA:705,138,1,0
BRDA:705,139,0,0
BRDA:705,139,1,0
BRDA:719,140,0,0
BRDA:719,141,0,0
BRDA:723,142,0,0
BRDA:723,142,1,0
BRDA:724,143,0,0
BRDA:724,143,1,0
BRDA:728,144,0,0
BRDA:728,144,1,0
BRDA:728,145,0,0
BRDA:728,145,1,0
BRDA:785,146,0,0
BRDA:785,146,1,0
BRDA:787,147,0,0
BRDA:787,147,1,0
BRDA:791,148,0,0
BRDA:791,148,1,0
BRDA:829,149,0,0
BRDA:829,149,1,0
BRDA:830,150,0,0
BRDA:830,150,1,0
BRDA:853,151,0,0
BRDA:853,151,1,0
BRDA:901,152,0,0
BRDA:901,152,1,0
BRF:295
BRH:40
end_of_record
TN:
SF:static/js/knowledgeBaseComponent.js
FN:20,createKnowledgeBaseComponent
FN:24,(anonymous_1)
FN:144,_safeSetInnerHTML
FN:150,(anonymous_3)
FN:191,(anonymous_4)
FN:195,(anonymous_5)
FN:227,(anonymous_6)
FN:238,(anonymous_7)
FN:254,(anonymous_8)
FN:275,(anonymous_9)
FN:295,(anonymous_10)
FN:296,(anonymous_11)
FN:344,(anonymous_12)
FN:350,(anonymous_13)
FN:390,(anonymous_14)
FN:410,(anonymous_15)
FN:416,(anonymous_16)
FN:437,(anonymous_17)
FN:447,(anonymous_18)
FN:457,(anonymous_19)
FN:469,(anonymous_20)
FN:481,(anonymous_21)
FN:482,(anonymous_22)
FN:487,(anonymous_23)
FN:490,(anonymous_24)
FN:491,(anonymous_25)
FN:492,(anonymous_26)
FN:493,(anonymous_27)
FN:496,(anonymous_28)
FN:497,(anonymous_29)
FN:511,(anonymous_30)
FN:533,(anonymous_31)
FN:540,(anonymous_32)
FN:549,(anonymous_33)
FN:557,(anonymous_34)
FN:563,(anonymous_35)
FN:599,(anonymous_36)
FN:617,(anonymous_37)
FN:650,(anonymous_38)
FN:683,(anonymous_39)
FN:691,(anonymous_40)
FN:698,(anonymous_41)
FN:728,(anonymous_42)
FN:732,(anonymous_43)
FN:752,(anonymous_44)
FN:756,(anonymous_45)
FN:777,(anonymous_46)
FN:785,(anonymous_47)
FN:787,(anonymous_48)
FN:789,(anonymous_49)
FN:793,(anonymous_50)
FN:805,(anonymous_51)
FN:848,(anonymous_52)
FN:865,(anonymous_53)
FN:867,(anonymous_54)
FN:874,(anonymous_55)
FN:879,(anonymous_56)
FN:883,(anonymous_57)
FN:884,(anonymous_58)
FN:884,(anonymous_59)
FN:885,(anonymous_60)
FNF:61
FNH:3
FNDA:1,createKnowledgeBaseComponent
FNDA:16,(anonymous_1)
FNDA:0,_safeSetInnerHTML
FNDA:1,(anonymous_3)
FNDA:0,(anonymous_4)
FNDA:0,(anonymous_5)
FNDA:0,(anonymous_6)
FNDA:0,(anonymous_7)
FNDA:0,(anonymous_8)
FNDA:0,(anonymous_9)
FNDA:0,(anonymous_10)
FNDA:0,(anonymous_11)
FNDA:0,(anonymous_12)
FNDA:0,(anonymous_13)
FNDA:0,(anonymous_14)
FNDA:0,(anonymous_15)
FNDA:0,(anonymous_16)
FNDA:0,(anonymous_17)
FNDA:0,(anonymous_18)
FNDA:0,(anonymous_19)
FNDA:0,(anonymous_20)
FNDA:0,(anonymous_21)
FNDA:0,(anonymous_22)
FNDA:0,(anonymous_23)
FNDA:0,(anonymous_24)
FNDA:0,(anonymous_25)
FNDA:0,(anonymous_26)
FNDA:0,(anonymous_27)
FNDA:0,(anonymous_28)
FNDA:0,(anonymous_29)
FNDA:0,(anonymous_30)
FNDA:0,(anonymous_31)
FNDA:0,(anonymous_32)
FNDA:0,(anonymous_33)
FNDA:0,(anonymous_34)
FNDA:0,(anonymous_35)
FNDA:0,(anonymous_36)
FNDA:0,(anonymous_37)
FNDA:0,(anonymous_38)
FNDA:0,(anonymous_39)
FNDA:0,(anonymous_40)
FNDA:0,(anonymous_41)
FNDA:0,(anonymous_42)
FNDA:0,(anonymous_43)
FNDA:0,(anonymous_44)
FNDA:0,(anonymous_45)
FNDA:0,(anonymous_46)
FNDA:0,(anonymous_47)
FNDA:0,(anonymous_48)
FNDA:0,(anonymous_49)
FNDA:0,(anonymous_50)
FNDA:0,(anonymous_51)
FNDA:0,(anonymous_52)
FNDA:0,(anonymous_53)
FNDA:0,(anonymous_54)
FNDA:0,(anonymous_55)
FNDA:0,(anonymous_56)
FNDA:0,(anonymous_57)
FNDA:0,(anonymous_58)
FNDA:0,(anonymous_59)
FNDA:0,(anonymous_60)
DA:9,1
DA:21,1
DA:22,1
DA:23,1
DA:24,16
DA:26,1
DA:27,1
DA:28,1
DA:29,1
DA:30,1
DA:31,1
DA:32,1
DA:33,1
DA:34,1
DA:42,1
DA:43,1
DA:45,1
DA:48,1
DA:49,1
DA:51,1
DA:52,0
DA:54,1
DA:55,0
DA:58,1
DA:59,0
DA:60,1
DA:61,0
DA:62,1
DA:63,0
DA:64,1
DA:65,0
DA:69,1
DA:72,1
DA:79,1
DA:129,1
DA:132,1
DA:137,1
DA:145,0
DA:146,0
DA:151,1
DA:152,1
DA:153,1
DA:154,1
DA:155,1
DA:156,1
DA:157,1
DA:158,1
DA:159,1
DA:160,1
DA:161,1
DA:162,1
DA:163,1
DA:166,1
DA:167,1
DA:168,1
DA:170,1
DA:171,1
DA:172,1
DA:173,1
DA:185,1
DA:186,1
DA:187,1
DA:188,1
DA:191,1
DA:194,1
DA:195,1
DA:196,0
DA:197,0
DA:198,0
DA:199,0
DA:200,0
DA:202,0
DA:203,0
DA:204,0
DA:205,0
DA:211,1
DA:212,1
DA:213,1
DA:214,1
DA:215,1
DA:218,1
DA:221,1
DA:222,1
DA:228,0
DA:229,0
DA:230,0
DA:231,0
DA:233,0
DA:234,0
DA:239,0
DA:254,0
DA:256,0
DA:257,0
DA:258,0
DA:260,0
DA:263,0
DA:265,0
DA:266,0
DA:271,0
DA:276,0
DA:278,0
DA:279,0
DA:281,0
DA:286,0
DA:294,0
DA:295,0
DA:297,0
DA:301,0
DA:302,0
DA:305,0
DA:307,0
DA:314,0
DA:316,0
DA:317,0
DA:318,0
DA:319,0
DA:322,0
DA:324,0
DA:325,0
DA:329,0
DA:330,0
DA:334,0
DA:336,0
DA:339,0
DA:340,0
DA:344,0
DA:346,0
DA:347,0
DA:351,0
DA:355,0
DA:361,0
DA:363,0
DA:364,0
DA:365,0
DA:366,0
DA:367,0
DA:371,0
DA:374,0
DA:376,0
DA:378,0
DA:379,0
DA:380,0
DA:383,0
DA:387,0
DA:391,0
DA:392,0
DA:393,0
DA:394,0
DA:395,0
DA:399,0
DA:400,0
DA:405,0
DA:406,0
DA:411,0
DA:412,0
DA:413,0
DA:414,0
DA:416,0
DA:417,0
DA:418,0
DA:419,0
DA:429,0
DA:437,0
DA:438,0
DA:439,0
DA:441,0
DA:447,0
DA:448,0
DA:449,0
DA:451,0
DA:457,0
DA:458,0
DA:459,0
DA:460,0
DA:462,0
DA:469,0
DA:470,0
DA:471,0
DA:473,0
DA:481,0
DA:482,0
DA:483,0
DA:484,0
DA:487,0
DA:488,0
DA:489,0
DA:490,0
DA:491,0
DA:492,0
DA:493,0
DA:496,0
DA:497,0
DA:500,0
DA:501,0
DA:502,0
DA:504,0
DA:511,0
DA:512,0
DA:513,0
DA:514,0
DA:516,0
DA:517,0
DA:518,0
DA:520,0
DA:521,0
DA:522,0
DA:524,0
DA:525,0
DA:526,0
DA:529,0
DA:533,0
DA:534,0
DA:535,0
DA:536,0
DA:540,0
DA:541,0
DA:544,0
DA:548,0
DA:549,0
DA:550,0
DA:551,0
DA:553,0
DA:556,0
DA:557,0
DA:558,0
DA:564,0
DA:565,0
DA:566,0
DA:574,0
DA:575,0
DA:577,0
DA:580,0
DA:581,0
DA:586,0
DA:587,0
DA:592,0
DA:593,0
DA:594,0
DA:595,0
DA:600,0
DA:601,0
DA:602,0
DA:604,0
DA:605,0
DA:606,0
DA:609,0
DA:610,0
DA:611,0
DA:614,0
DA:618,0
DA:619,0
DA:620,0
DA:621,0
DA:622,0
DA:627,0
DA:630,0
DA:631,0
DA:632,0
DA:634,0
DA:635,0
DA:637,0
DA:638,0
DA:639,0
DA:641,0
DA:642,0
DA:643,0
DA:644,0
DA:647,0
DA:648,0
DA:649,0
DA:650,0
DA:651,0
DA:653,0
DA:654,0
DA:655,0
DA:656,0
DA:658,0
DA:659,0
DA:662,0
DA:663,0
DA:665,0
DA:666,0
DA:672,0
DA:674,0
DA:675,0
DA:684,0
DA:685,0
DA:686,0
DA:687,0
DA:688,0
DA:692,0
DA:693,0
DA:694,0
DA:695,0
DA:699,0
DA:700,0
DA:702,0
DA:703,0
DA:704,0
DA:707,0
DA:708,0
DA:709,0
DA:710,0
DA:711,0
DA:712,0
DA:713,0
DA:716,0
DA:717,0
DA:718,0
DA:719,0
DA:722,0
DA:725,0
DA:729,0
DA:730,0
DA:731,0
DA:732,0
DA:733,0
DA:734,0
DA:735,0
DA:736,0
DA:737,0
DA:739,0
DA:741,0
DA:743,0
DA:744,0
DA:745,0
DA:746,0
DA:747,0
DA:748,0
DA:757,0
DA:758,0
DA:759,0
DA:761,0
DA:762,0
DA:763,0
DA:764,0
DA:765,0
DA:766,0
DA:767,0
DA:768,0
DA:769,0
DA:770,0
DA:771,0
DA:772,0
DA:773,0
DA:774,0
DA:777,0
DA:780,0
DA:782,0
DA:787,0
DA:788,0
DA:789,0
DA:794,0
DA:798,0
DA:805,0
DA:806,0
DA:807,0
DA:808,0
DA:809,0
DA:810,0
DA:811,0
DA:813,0
DA:818,0
DA:819,0
DA:820,0
DA:821,0
DA:824,0
DA:825,0
DA:829,0
DA:830,0
DA:831,0
DA:833,0
DA:834,0
DA:839,0
DA:849,0
DA:850,0
DA:851,0
DA:852,0
DA:853,0
DA:860,1
DA:863,1
DA:867,1
DA:868,0
DA:869,0
DA:873,1
DA:875,0
DA:876,0
DA:877,0
DA:880,0
DA:881,0
DA:883,0
DA:884,0
DA:886,0
DA:890,1
LF:394
LH:71
BRDA:20,0,0,0
BRDA:22,1,0,0
BRDA:22,1,1,1
BRDA:24,2,0,0
BRDA:24,2,1,16
BRDA:27,3,0,1
BRDA:27,3,1,0
BRDA:30,4,0,1
BRDA:30,4,1,0
BRDA:45,5,0,1
BRDA:45,5,1,1
BRDA:45,5,2,1
BRDA:51,6,0,0
BRDA:51,6,1,1
BRDA:51,7,0,1
BRDA:51,7,1,1
BRDA:54,8,0,0
BRDA:54,8,1,1
BRDA:54,9,0,1
BRDA:54,9,1,1
BRDA:58,10,0,0
BRDA:58,10,1,1
BRDA:60,11,0,0
BRDA:60,11,1,1
BRDA:62,12,0,0
BRDA:62,12,1,1
BRDA:62,13,0,1
BRDA:62,13,1,1
BRDA:64,14,0,0
BRDA:64,14,1,1
BRDA:64,15,0,1
BRDA:64,15,1,1
BRDA:64,15,2,1
BRDA:64,15,3,1
BRDA:64,15,4,1
BRDA:69,16,0,0
BRDA:69,16,1,1
BRDA:72,17,0,1
BRDA:72,17,1,1
BRDA:132,18,0,1
BRDA:132,18,1,1
BRDA:132,18,2,1
BRDA:138,19,0,1
BRDA:138,19,1,1
BRDA:139,20,0,1
BRDA:139,20,1,1
BRDA:140,21,0,1
BRDA:140,21,1,1
BRDA:141,22,0,1
BRDA:141,22,1,1
BRDA:145,23,0,0
BRDA:145,23,1,0
BRDA:188,24,0,1
BRDA:188,24,1,1
BRDA:195,25,0,0
BRDA:196,26,0,0
BRDA:196,26,1,0
BRDA:197,27,0,0
BRDA:197,27,1,0
BRDA:203,28,0,0
BRDA:203,28,1,0
BRDA:256,29,0,0
BRDA:256,29,1,0
BRDA:257,30,0,0
BRDA:257,30,1,0
BRDA:257,31,0,0
BRDA:257,31,1,0
BRDA:266,32,0,0
BRDA:266,32,1,0
BRDA:267,33,0,0
BRDA:267,33,1,0
BRDA:267,34,0,0
BRDA:267,34,1,0
BRDA:271,35,0,0
BRDA:271,35,1,0
BRDA:271,36,0,0
BRDA:271,36,1,0
BRDA:275,37,0,0
BRDA:275,38,0,0
BRDA:276,39,0,0
BRDA:276,39,1,0
BRDA:278,40,0,0
BRDA:278,40,1,0
BRDA:278,41,0,0
BRDA:278,41,1,0
BRDA:297,42,0,0
BRDA:297,42,1,0
BRDA:297,43,0,0
BRDA:297,43,1,0
BRDA:301,44,0,0
BRDA:301,44,1,0
BRDA:311,45,0,0
BRDA:311,45,1,0
BRDA:336,46,0,0
BRDA:336,46,1,0
BRDA:339,47,0,0
BRDA:339,47,1,0
BRDA:346,48,0,0
BRDA:346,48,1,0
BRDA:363,49,0,0
BRDA:363,49,1,0
BRDA:378,50,0,0
BRDA:378,50,1,0
BRDA:391,51,0,0
BRDA:391,51,1,0
BRDA:394,52,0,0
BRDA:394,52,1,0
BRDA:416,53,0,0
BRDA:417,54,0,0
BRDA:417,54,1,0
BRDA:418,55,0,0
BRDA:418,55,1,0
BRDA:422,56,0,0
BRDA:422,56,1,0
BRDA:438,57,0,0
BRDA:438,57,1,0
BRDA:438,58,0,0
BRDA:438,58,1,0
BRDA:448,59,0,0
BRDA:448,59,1,0
BRDA:448,60,0,0
BRDA:448,60,1,0
BRDA:458,61,0,0
BRDA:458,61,1,0
BRDA:459,62,0,0
BRDA:459,62,1,0
BRDA:459,63,0,0
BRDA:459,63,1,0
BRDA:470,64,0,0
BRDA:470,64,1,0
BRDA:470,65,0,0
BRDA:470,65,1,0
BRDA:484,66,0,0
BRDA:484,66,1,0
BRDA:501,67,0,0
BRDA:501,67,1,0
BRDA:513,68,0,0
BRDA:513,68,1,0
BRDA:514,69,0,0
BRDA:514,69,1,0
BRDA:514,69,2,0
BRDA:514,69,3,0
BRDA:535,70,0,0
BRDA:535,70,1,0
BRDA:535,71,0,0
BRDA:535,71,1,0
BRDA:548,72,0,0
BRDA:548,72,1,0
BRDA:580,73,0,0
BRDA:580,73,1,0
BRDA:580,74,0,0
BRDA:580,74,1,0
BRDA:592,75,0,0
BRDA:592,75,1,0
BRDA:592,76,0,0
BRDA:592,76,1,0
BRDA:600,77,0,0
BRDA:600,77,1,0
BRDA:602,78,0,0
BRDA:602,78,1,0
BRDA:605,79,0,0
BRDA:605,79,1,0
BRDA:605,80,0,0
BRDA:605,80,1,0
BRDA:610,81,0,0
BRDA:610,81,1,0
BRDA:610,82,0,0
BRDA:610,82,1,0
BRDA:617,83,0,0
BRDA:618,84,0,0
BRDA:618,84,1,0
BRDA:621,85,0,0
BRDA:621,85,1,0
BRDA:631,86,0,0
BRDA:631,86,1,0
BRDA:631,86,2,0
BRDA:634,87,0,0
BRDA:634,87,1,0
BRDA:635,88,0,0
BRDA:635,88,1,0
BRDA:643,89,0,0
BRDA:643,89,1,0
BRDA:648,90,0,0
BRDA:648,90,1,0
BRDA:648,91,0,0
BRDA:648,91,1,0
BRDA:648,91,2,0
BRDA:655,92,0,0
BRDA:655,92,1,0
BRDA:659,93,0,0
BRDA:659,93,1,0
BRDA:665,94,0,0
BRDA:665,94,1,0
BRDA:674,95,0,0
BRDA:674,95,1,0
BRDA:685,96,0,0
BRDA:685,96,1,0
BRDA:685,97,0,0
BRDA:685,97,1,0
BRDA:686,98,0,0
BRDA:686,98,1,0
BRDA:686,99,0,0
BRDA:686,99,1,0
BRDA:687,100,0,0
BRDA:687,100,1,0
BRDA:687,101,0,0
BRDA:687,101,1,0
BRDA:688,102,0,0
BRDA:688,102,1,0
BRDA:688,103,0,0
BRDA:688,103,1,0
BRDA:693,104,0,0
BRDA:693,104,1,0
BRDA:694,105,0,0
BRDA:694,105,1,0
BRDA:695,106,0,0
BRDA:695,106,1,0
BRDA:707,107,0,0
BRDA:707,107,1,0
BRDA:708,108,0,0
BRDA:708,108,1,0
BRDA:709,109,0,0
BRDA:709,109,1,0
BRDA:710,110,0,0
BRDA:710,110,1,0
BRDA:711,111,0,0
BRDA:711,111,1,0
BRDA:712,112,0,0
BRDA:712,112,1,0
BRDA:713,113,0,0
BRDA:713,113,1,0
BRDA:716,114,0,0
BRDA:716,114,1,0
BRDA:718,115,0,0
BRDA:718,115,1,0
BRDA:730,116,0,0
BRDA:730,116,1,0
BRDA:733,117,0,0
BRDA:733,117,1,0
BRDA:737,118,0,0
BRDA:737,118,1,0
BRDA:737,119,0,0
BRDA:737,119,1,0
BRDA:739,120,0,0
BRDA:739,120,1,0
BRDA:741,121,0,0
BRDA:741,121,1,0
BRDA:743,122,0,0
BRDA:743,122,1,0
BRDA:744,123,0,0
BRDA:744,123,1,0
BRDA:744,123,2,0
BRDA:748,124,0,0
BRDA:748,124,1,0
BRDA:748,125,0,0
BRDA:748,125,1,0
BRDA:748,126,0,0
BRDA:748,126,1,0
BRDA:756,127,0,0
BRDA:758,128,0,0
BRDA:758,128,1,0
BRDA:763,129,0,0
BRDA:763,129,1,0
BRDA:764,130,0,0
BRDA:764,130,1,0
BRDA:765,131,0,0
BRDA:765,131,1,0
BRDA:770,132,0,0
BRDA:770,132,1,0
BRDA:806,133,0,0
BRDA:806,133,1,0
BRDA:810,134,0,0
BRDA:810,134,1,0
BRDA:819,135,0,0
BRDA:819,135,1,0
BRDA:820,136,0,0
BRDA:820,136,1,0
BRDA:829,137,0,0
BRDA:829,137,1,0
BRDA:850,138,0,0
BRDA:850,138,1,0
BRDA:850,139,0,0
BRDA:850,139,1,0
BRDA:852,140,0,0
BRDA:852,140,1,0
BRDA:852,141,0,0
BRDA:852,141,1,0
BRDA:863,142,0,0
BRDA:863,142,1,1
BRDA:875,143,0,0
BRDA:875,143,1,0
BRDA:877,144,0,0
BRDA:877,144,1,0
BRDA:880,145,0,0
BRDA:880,145,1,0
BRDA:883,146,0,0
BRDA:883,146,1,0
BRDA:886,147,0,0
BRDA:886,147,1,0
BRF:299
BRH:41
end_of_record
TN:
SF:static/js/knowledgeBaseManager.js
FN:20,createKnowledgeBaseManager
FN:69,waitForAppReady
FN:87,toggleKnowledgeBase
FN:169,reprocessFiles
FN:227,handleKnowledgeBaseFormSubmit
FN:267,(anonymous_5)
FN:285,_submitKnowledgeBaseForm
FN:364,handleDeleteKnowledgeBase
FN:432,showKnowledgeBaseModal
FN:554,hideKnowledgeBaseModal
FN:574,loadKnowledgeBaseHealth
FN:601,(anonymous_11)
FN:625,(anonymous_12)
FN:673,loadKnowledgeBaseFiles
FN:717,_renderKnowledgeBaseFiles
FN:731,(anonymous_15)
FN:759,(anonymous_16)
FN:784,_handleDeleteKnowledgeBaseFile
FN:843,handleAttachGitHubRepo
FN:860,(anonymous_19)
FN:860,(anonymous_20)
FN:926,handleDetachGitHubRepo
FN:995,validateSelectedModelDimensions
FN:1027,_updateModelSelection
FN:1053,cleanup
FN:1062,(anonymous_25)
FNF:26
FNH:1
FNDA:1,createKnowledgeBaseManager
FNDA:0,waitForAppReady
FNDA:0,toggleKnowledgeBase
FNDA:0,reprocessFiles
FNDA:0,handleKnowledgeBaseFormSubmit
FNDA:0,(anonymous_5)
FNDA:0,_submitKnowledgeBaseForm
FNDA:0,handleDeleteKnowledgeBase
FNDA:0,showKnowledgeBaseModal
FNDA:0,hideKnowledgeBaseModal
FNDA:0,loadKnowledgeBaseHealth
FNDA:0,(anonymous_11)
FNDA:0,(anonymous_12)
FNDA:0,loadKnowledgeBaseFiles
FNDA:0,_renderKnowledgeBaseFiles
FNDA:0,(anonymous_15)
FNDA:0,(anonymous_16)
FNDA:0,_handleDeleteKnowledgeBaseFile
FNDA:0,handleAttachGitHubRepo
FNDA:0,(anonymous_19)
FNDA:0,(anonymous_20)
FNDA:0,handleDetachGitHubRepo
FNDA:0,validateSelectedModelDimensions
FNDA:0,_updateModelSelection
FNDA:0,cleanup
FNDA:0,(anonymous_25)
DA:8,2
DA:24,1
DA:25,1
DA:26,1
DA:30,1
DA:32,1
DA:35,1
DA:36,0
DA:44,1
DA:47,0
DA:51,0
DA:55,0
DA:56,0
DA:57,0
DA:58,0
DA:61,0
DA:63,0
DA:66,0
DA:68,0
DA:70,0
DA:71,0
DA:74,0
DA:88,0
DA:89,0
DA:90,0
DA:92,0
DA:93,0
DA:94,0
DA:95,0
DA:97,0
DA:99,0
DA:100,0
DA:104,0
DA:106,0
DA:107,0
DA:109,0
DA:120,0
DA:121,0
DA:127,0
DA:129,0
DA:130,0
DA:131,0
DA:132,0
DA:135,0
DA:136,0
DA:137,0
DA:138,0
DA:140,0
DA:141,0
DA:144,0
DA:145,0
DA:148,0
DA:153,0
DA:154,0
DA:170,0
DA:171,0
DA:172,0
DA:174,0
DA:175,0
DA:176,0
DA:178,0
DA:179,0
DA:180,0
DA:182,0
DA:183,0
DA:187,0
DA:189,0
DA:190,0
DA:191,0
DA:192,0
DA:193,0
DA:197,0
DA:198,0
DA:199,0
DA:200,0
DA:201,0
DA:204,0
DA:205,0
DA:208,0
DA:215,0
DA:216,0
DA:228,0
DA:229,0
DA:230,0
DA:231,0
DA:233,0
DA:234,0
DA:235,0
DA:237,0
DA:239,0
DA:240,0
DA:245,0
DA:247,0
DA:248,0
DA:249,0
DA:252,0
DA:253,0
DA:255,0
DA:257,0
DA:258,0
DA:260,0
DA:263,0
DA:264,0
DA:265,0
DA:267,0
DA:268,0
DA:269,0
DA:286,0
DA:287,0
DA:288,0
DA:290,0
DA:291,0
DA:292,0
DA:293,0
DA:295,0
DA:296,0
DA:299,0
DA:301,0
DA:302,0
DA:304,0
DA:306,0
DA:307,0
DA:308,0
DA:310,0
DA:311,0
DA:312,0
DA:313,0
DA:315,0
DA:316,0
DA:322,0
DA:323,0
DA:326,0
DA:331,0
DA:332,0
DA:337,0
DA:338,0
DA:339,0
DA:340,0
DA:341,0
DA:343,0
DA:352,0
DA:365,0
DA:366,0
DA:367,0
DA:369,0
DA:370,0
DA:372,0
DA:373,0
DA:374,0
DA:376,0
DA:378,0
DA:386,0
DA:387,0
DA:388,0
DA:391,0
DA:392,0
DA:393,0
DA:395,0
DA:396,0
DA:400,0
DA:402,0
DA:403,0
DA:404,0
DA:405,0
DA:406,0
DA:407,0
DA:408,0
DA:411,0
DA:412,0
DA:415,0
DA:420,0
DA:422,0
DA:423,0
DA:433,0
DA:434,0
DA:435,0
DA:437,0
DA:438,0
DA:441,0
DA:442,0
DA:443,0
DA:444,0
DA:447,0
DA:448,0
DA:449,0
DA:450,0
DA:452,0
DA:455,0
DA:456,0
DA:457,0
DA:458,0
DA:459,0
DA:460,0
DA:461,0
DA:462,0
DA:463,0
DA:465,0
DA:469,0
DA:476,0
DA:477,0
DA:478,0
DA:479,0
DA:480,0
DA:481,0
DA:482,0
DA:486,0
DA:487,0
DA:489,0
DA:490,0
DA:492,0
DA:493,0
DA:494,0
DA:495,0
DA:496,0
DA:497,0
DA:498,0
DA:499,0
DA:501,0
DA:502,0
DA:504,0
DA:506,0
DA:507,0
DA:508,0
DA:509,0
DA:510,0
DA:512,0
DA:513,0
DA:514,0
DA:515,0
DA:516,0
DA:519,0
DA:520,0
DA:521,0
DA:522,0
DA:524,0
DA:525,0
DA:527,0
DA:528,0
DA:529,0
DA:530,0
DA:531,0
DA:532,0
DA:535,0
DA:537,0
DA:539,0
DA:540,0
DA:542,0
DA:545,0
DA:547,0
DA:548,0
DA:555,0
DA:556,0
DA:557,0
DA:558,0
DA:559,0
DA:560,0
DA:561,0
DA:562,0
DA:575,0
DA:576,0
DA:577,0
DA:579,0
DA:580,0
DA:581,0
DA:583,0
DA:584,0
DA:585,0
DA:586,0
DA:587,0
DA:589,0
DA:591,0
DA:595,0
DA:599,0
DA:600,0
DA:601,0
DA:602,0
DA:605,0
DA:609,0
DA:610,0
DA:611,0
DA:613,0
DA:614,0
DA:616,0
DA:617,0
DA:619,0
DA:620,0
DA:623,0
DA:624,0
DA:625,0
DA:626,0
DA:628,0
DA:630,0
DA:631,0
DA:634,0
DA:635,0
DA:636,0
DA:637,0
DA:638,0
DA:639,0
DA:645,0
DA:646,0
DA:648,0
DA:651,0
DA:653,0
DA:655,0
DA:660,0
DA:661,0
DA:674,0
DA:675,0
DA:676,0
DA:678,0
DA:679,0
DA:680,0
DA:681,0
DA:682,0
DA:685,0
DA:686,0
DA:690,0
DA:692,0
DA:693,0
DA:694,0
DA:695,0
DA:697,0
DA:698,0
DA:699,0
DA:702,0
DA:707,0
DA:708,0
DA:709,0
DA:718,0
DA:719,0
DA:721,0
DA:723,0
DA:724,0
DA:725,0
DA:728,0
DA:729,0
DA:731,0
DA:732,0
DA:733,0
DA:735,0
DA:736,0
DA:737,0
DA:738,0
DA:739,0
DA:741,0
DA:757,0
DA:758,0
DA:759,0
DA:760,0
DA:761,0
DA:762,0
DA:763,0
DA:764,0
DA:768,0
DA:770,0
DA:785,0
DA:786,0
DA:787,0
DA:789,0
DA:796,0
DA:797,0
DA:798,0
DA:800,0
DA:802,0
DA:803,0
DA:804,0
DA:808,0
DA:810,0
DA:811,0
DA:812,0
DA:813,0
DA:814,0
DA:815,0
DA:816,0
DA:818,0
DA:819,0
DA:820,0
DA:823,0
DA:824,0
DA:827,0
DA:832,0
DA:844,0
DA:845,0
DA:846,0
DA:848,0
DA:849,0
DA:851,0
DA:852,0
DA:853,0
DA:855,0
DA:857,0
DA:858,0
DA:859,0
DA:860,0
DA:861,0
DA:863,0
DA:864,0
DA:866,0
DA:868,0
DA:869,0
DA:872,0
DA:874,0
DA:877,0
DA:878,0
DA:879,0
DA:881,0
DA:882,0
DA:883,0
DA:884,0
DA:886,0
DA:888,0
DA:892,0
DA:894,0
DA:895,0
DA:896,0
DA:897,0
DA:898,0
DA:899,0
DA:901,0
DA:902,0
DA:903,0
DA:905,0
DA:906,0
DA:909,0
DA:914,0
DA:916,0
DA:917,0
DA:927,0
DA:928,0
DA:929,0
DA:931,0
DA:932,0
DA:933,0
DA:935,0
DA:936,0
DA:937,0
DA:939,0
DA:941,0
DA:948,0
DA:949,0
DA:950,0
DA:952,0
DA:954,0
DA:955,0
DA:956,0
DA:958,0
DA:959,0
DA:963,0
DA:965,0
DA:966,0
DA:967,0
DA:968,0
DA:969,0
DA:970,0
DA:972,0
DA:973,0
DA:974,0
DA:976,0
DA:977,0
DA:980,0
DA:985,0
DA:987,0
DA:988,0
DA:996,0
DA:997,0
DA:998,0
DA:999,0
DA:1000,0
DA:1001,0
DA:1002,0
DA:1003,0
DA:1004,0
DA:1005,0
DA:1006,0
DA:1007,0
DA:1008,0
DA:1010,0
DA:1011,0
DA:1012,0
DA:1015,0
DA:1016,0
DA:1017,0
DA:1018,0
DA:1019,0
DA:1028,0
DA:1029,0
DA:1031,0
DA:1032,0
DA:1033,0
DA:1034,0
DA:1035,0
DA:1036,0
DA:1037,0
DA:1041,0
DA:1042,0
DA:1043,0
DA:1044,0
DA:1047,0
DA:1049,0
DA:1055,0
DA:1056,0
DA:1057,0
DA:1061,0
DA:1062,0
DA:1063,0
DA:1067,0
DA:1068,0
DA:1076,0
LF:509
LH:8
BRDA:26,0,0,1
BRDA:26,0,1,0
BRDA:30,1,0,1
BRDA:30,1,1,0
BRDA:32,2,0,1
BRDA:32,2,1,1
BRDA:35,3,0,0
BRDA:35,3,1,1
BRDA:55,4,0,0
BRDA:55,4,1,0
BRDA:56,5,0,0
BRDA:56,5,1,0
BRDA:57,6,0,0
BRDA:57,6,1,0
BRDA:61,7,0,0
BRDA:61,7,1,0
BRDA:63,8,0,0
BRDA:63,8,1,0
BRDA:70,9,0,0
BRDA:70,9,1,0
BRDA:71,10,0,0
BRDA:71,10,1,0
BRDA:93,11,0,0
BRDA:93,11,1,0
BRDA:106,12,0,0
BRDA:106,12,1,0
BRDA:109,13,0,0
BRDA:109,13,1,0
BRDA:120,14,0,0
BRDA:120,14,1,0
BRDA:120,14,2,0
BRDA:131,15,0,0
BRDA:131,15,1,0
BRDA:131,16,0,0
BRDA:131,16,1,0
BRDA:135,17,0,0
BRDA:135,17,1,0
BRDA:145,18,0,0
BRDA:145,18,1,0
BRDA:150,19,0,0
BRDA:150,19,1,0
BRDA:150,20,0,0
BRDA:150,20,1,0
BRDA:153,21,0,0
BRDA:153,21,1,0
BRDA:174,22,0,0
BRDA:174,22,1,0
BRDA:189,23,0,0
BRDA:189,23,1,0
BRDA:191,24,0,0
BRDA:191,24,1,0
BRDA:198,25,0,0
BRDA:198,25,1,0
BRDA:205,26,0,0
BRDA:205,26,1,0
BRDA:210,27,0,0
BRDA:210,27,1,0
BRDA:210,28,0,0
BRDA:210,28,1,0
BRDA:231,29,0,0
BRDA:231,29,1,0
BRDA:233,30,0,0
BRDA:233,30,1,0
BRDA:242,31,0,0
BRDA:242,31,1,0
BRDA:247,32,0,0
BRDA:247,32,1,0
BRDA:248,33,0,0
BRDA:248,33,1,0
BRDA:252,34,0,0
BRDA:252,34,1,0
BRDA:257,35,0,0
BRDA:257,35,1,0
BRDA:295,36,0,0
BRDA:295,36,1,0
BRDA:296,37,0,0
BRDA:296,37,1,0
BRDA:304,38,0,0
BRDA:304,38,1,0
BRDA:304,39,0,0
BRDA:304,39,1,0
BRDA:306,40,0,0
BRDA:306,40,1,0
BRDA:306,41,0,0
BRDA:306,41,1,0
BRDA:310,42,0,0
BRDA:310,42,1,0
BRDA:323,43,0,0
BRDA:323,43,1,0
BRDA:328,44,0,0
BRDA:328,44,1,0
BRDA:328,45,0,0
BRDA:328,45,1,0
BRDA:331,46,0,0
BRDA:331,46,1,0
BRDA:334,47,0,0
BRDA:334,47,1,0
BRDA:334,48,0,0
BRDA:334,48,1,0
BRDA:337,49,0,0
BRDA:337,49,1,0
BRDA:345,50,0,0
BRDA:345,50,1,0
BRDA:345,51,0,0
BRDA:345,51,1,0
BRDA:352,52,0,0
BRDA:352,52,1,0
BRDA:372,53,0,0
BRDA:372,53,1,0
BRDA:372,54,0,0
BRDA:372,54,1,0
BRDA:386,55,0,0
BRDA:386,55,1,0
BRDA:402,56,0,0
BRDA:402,56,1,0
BRDA:402,57,0,0
BRDA:402,57,1,0
BRDA:406,58,0,0
BRDA:406,58,1,0
BRDA:412,59,0,0
BRDA:412,59,1,0
BRDA:417,60,0,0
BRDA:417,60,1,0
BRDA:417,61,0,0
BRDA:417,61,1,0
BRDA:420,62,0,0
BRDA:420,62,1,0
BRDA:437,63,0,0
BRDA:437,63,1,0
BRDA:442,64,0,0
BRDA:442,64,1,0
BRDA:448,65,0,0
BRDA:448,65,1,0
BRDA:456,66,0,0
BRDA:456,66,1,0
BRDA:459,67,0,0
BRDA:459,67,1,0
BRDA:459,68,0,0
BRDA:459,68,1,0
BRDA:462,69,0,0
BRDA:462,69,1,0
BRDA:471,70,0,0
BRDA:471,70,1,0
BRDA:471,71,0,0
BRDA:471,71,1,0
BRDA:477,72,0,0
BRDA:477,72,1,0
BRDA:481,73,0,0
BRDA:481,73,1,0
BRDA:482,74,0,0
BRDA:482,74,1,0
BRDA:486,75,0,0
BRDA:486,75,1,0
BRDA:492,76,0,0
BRDA:492,76,1,0
BRDA:492,77,0,0
BRDA:492,77,1,0
BRDA:495,78,0,0
BRDA:495,78,1,0
BRDA:496,79,0,0
BRDA:496,79,1,0
BRDA:497,80,0,0
BRDA:497,80,1,0
BRDA:499,81,0,0
BRDA:499,81,1,0
BRDA:502,82,0,0
BRDA:502,82,1,0
BRDA:506,83,0,0
BRDA:506,83,1,0
BRDA:508,84,0,0
BRDA:508,84,1,0
BRDA:509,85,0,0
BRDA:509,85,1,0
BRDA:509,86,0,0
BRDA:509,86,1,0
BRDA:514,87,0,0
BRDA:514,87,1,0
BRDA:515,88,0,0
BRDA:515,88,1,0
BRDA:516,89,0,0
BRDA:516,89,1,0
BRDA:520,90,0,0
BRDA:520,90,1,0
BRDA:522,91,0,0
BRDA:522,91,1,0
BRDA:525,92,0,0
BRDA:525,92,1,0
BRDA:530,93,0,0
BRDA:530,93,1,0
BRDA:531,94,0,0
BRDA:531,94,1,0
BRDA:532,95,0,0
BRDA:532,95,1,0
BRDA:535,96,0,0
BRDA:535,96,1,0
BRDA:537,97,0,0
BRDA:537,97,1,0
BRDA:540,98,0,0
BRDA:540,98,1,0
BRDA:557,99,0,0
BRDA:557,99,1,0
BRDA:559,100,0,0
BRDA:559,100,1,0
BRDA:559,101,0,0
BRDA:559,101,1,0
BRDA:561,102,0,0
BRDA:561,102,1,0
BRDA:579,103,0,0
BRDA:579,103,1,0
BRDA:579,104,0,0
BRDA:579,104,1,0
BRDA:585,105,0,0
BRDA:585,105,1,0
BRDA:600,106,0,0
BRDA:600,106,1,0
BRDA:602,107,0,0
BRDA:602,107,1,0
BRDA:602,108,0,0
BRDA:602,108,1,0
BRDA:602,108,2,0
BRDA:602,108,3,0
BRDA:602,108,4,0
BRDA:609,109,0,0
BRDA:609,109,1,0
BRDA:613,110,0,0
BRDA:613,110,1,0
BRDA:613,111,0,0
BRDA:613,111,1,0
BRDA:614,112,0,0
BRDA:614,112,1,0
BRDA:614,113,0,0
BRDA:614,113,1,0
BRDA:616,114,0,0
BRDA:616,114,1,0
BRDA:616,115,0,0
BRDA:616,115,1,0
BRDA:619,116,0,0
BRDA:619,116,1,0
BRDA:619,117,0,0
BRDA:619,117,1,0
BRDA:624,118,0,0
BRDA:624,118,1,0
BRDA:625,119,0,0
BRDA:625,119,1,0
BRDA:626,120,0,0
BRDA:626,120,1,0
BRDA:626,121,0,0
BRDA:626,121,1,0
BRDA:630,122,0,0
BRDA:630,122,1,0
BRDA:634,123,0,0
BRDA:634,123,1,0
BRDA:634,124,0,0
BRDA:634,124,1,0
BRDA:636,125,0,0
BRDA:636,125,1,0
BRDA:637,126,0,0
BRDA:637,126,1,0
BRDA:638,127,0,0
BRDA:638,127,1,0
BRDA:641,128,0,0
BRDA:641,128,1,0
BRDA:642,129,0,0
BRDA:642,129,1,0
BRDA:645,130,0,0
BRDA:645,130,1,0
BRDA:646,131,0,0
BRDA:646,131,1,0
BRDA:657,132,0,0
BRDA:657,132,1,0
BRDA:657,133,0,0
BRDA:657,133,1,0
BRDA:678,134,0,0
BRDA:678,134,1,0
BRDA:678,135,0,0
BRDA:678,135,1,0
BRDA:692,136,0,0
BRDA:692,136,1,0
BRDA:692,137,0,0
BRDA:692,137,1,0
BRDA:693,138,0,0
BRDA:693,138,1,0
BRDA:704,139,0,0
BRDA:704,139,1,0
BRDA:704,140,0,0
BRDA:704,140,1,0
BRDA:719,141,0,0
BRDA:719,141,1,0
BRDA:723,142,0,0
BRDA:723,142,1,0
BRDA:723,143,0,0
BRDA:723,143,1,0
BRDA:723,143,2,0
BRDA:735,144,0,0
BRDA:735,144,1,0
BRDA:737,145,0,0
BRDA:737,145,1,0
BRDA:738,146,0,0
BRDA:738,146,1,0
BRDA:739,147,0,0
BRDA:739,147,1,0
BRDA:758,148,0,0
BRDA:758,148,1,0
BRDA:763,149,0,0
BRDA:763,149,1,0
BRDA:763,150,0,0
BRDA:763,150,1,0
BRDA:796,151,0,0
BRDA:796,151,1,0
BRDA:810,152,0,0
BRDA:810,152,1,0
BRDA:813,153,0,0
BRDA:813,153,1,0
BRDA:818,154,0,0
BRDA:818,154,1,0
BRDA:824,155,0,0
BRDA:824,155,1,0
BRDA:829,156,0,0
BRDA:829,156,1,0
BRDA:829,157,0,0
BRDA:829,157,1,0
BRDA:832,158,0,0
BRDA:832,158,1,0
BRDA:851,159,0,0
BRDA:851,159,1,0
BRDA:851,160,0,0
BRDA:851,160,1,0
BRDA:858,161,0,0
BRDA:858,161,1,0
BRDA:860,162,0,0
BRDA:860,162,1,0
BRDA:863,163,0,0
BRDA:863,163,1,0
BRDA:883,164,0,0
BRDA:883,164,1,0
BRDA:883,165,0,0
BRDA:883,165,1,0
BRDA:894,166,0,0
BRDA:894,166,1,0
BRDA:894,167,0,0
BRDA:894,167,1,0
BRDA:896,168,0,0
BRDA:896,168,1,0
BRDA:898,169,0,0
BRDA:898,169,1,0
BRDA:899,170,0,0
BRDA:899,170,1,0
BRDA:906,171,0,0
BRDA:906,171,1,0
BRDA:911,172,0,0
BRDA:911,172,1,0
BRDA:911,173,0,0
BRDA:911,173,1,0
BRDA:914,174,0,0
BRDA:914,174,1,0
BRDA:935,175,0,0
BRDA:935,175,1,0
BRDA:935,176,0,0
BRDA:935,176,1,0
BRDA:935,176,2,0
BRDA:948,177,0,0
BRDA:948,177,1,0
BRDA:965,178,0,0
BRDA:965,178,1,0
BRDA:965,179,0,0
BRDA:965,179,1,0
BRDA:967,180,0,0
BRDA:967,180,1,0
BRDA:977,181,0,0
BRDA:977,181,1,0
BRDA:982,182,0,0
BRDA:982,182,1,0
BRDA:982,183,0,0
BRDA:982,183,1,0
BRDA:985,184,0,0
BRDA:985,184,1,0
BRDA:997,185,0,0
BRDA:997,185,1,0
BRDA:999,186,0,0
BRDA:999,186,1,0
BRDA:1002,187,0,0
BRDA:1002,187,1,0
BRDA:1003,188,0,0
BRDA:1003,188,1,0
BRDA:1004,189,0,0
BRDA:1004,189,1,0
BRDA:1005,190,0,0
BRDA:1005,190,1,0
BRDA:1017,191,0,0
BRDA:1017,191,1,0
BRDA:1028,192,0,0
BRDA:1028,192,1,0
BRDA:1029,193,0,0
BRDA:1029,193,1,0
BRDA:1031,194,0,0
BRDA:1031,194,1,0
BRDA:1034,195,0,0
BRDA:1034,195,1,0
BRDA:1041,196,0,0
BRDA:1041,196,1,0
BRDA:1055,197,0,0
BRDA:1055,197,1,0
BRDA:1061,198,0,0
BRDA:1061,198,1,0
BRF:404
BRH:5
end_of_record
TN:
SF:static/js/knowledgeBaseSearchHandler.js
FN:22,createKnowledgeBaseSearchHandler
FN:26,initialize
FN:39,searchKnowledgeBase
FN:112,triggerSearch
FN:122,_renderSearchResults
FN:129,_clearSearchResults
FN:136,_appendSearchResults
FN:139,(anonymous_7)
FN:141,(anonymous_8)
FN:144,(anonymous_9)
FN:154,_toggleResultSections
FN:165,_createResultItem
FN:198,_getBadgeClass
FN:208,_showResultDetail
FN:217,_populateResultDetail
FN:243,(anonymous_15)
FN:253,_hideResultDetailModal
FN:264,_useInConversation
FN:291,_showSearchLoading
FN:309,_hideSearchLoading
FN:323,_showNoResults
FN:335,_getSelectedTopKValue
FN:340,handleResultModalKeydown
FN:351,(anonymous_23)
FNF:24
FNH:0
FNDA:0,createKnowledgeBaseSearchHandler
FNDA:0,initialize
FNDA:0,searchKnowledgeBase
FNDA:0,triggerSearch
FNDA:0,_renderSearchResults
FNDA:0,_clearSearchResults
FNDA:0,_appendSearchResults
FNDA:0,(anonymous_7)
FNDA:0,(anonymous_8)
FNDA:0,(anonymous_9)
FNDA:0,_toggleResultSections
FNDA:0,_createResultItem
FNDA:0,_getBadgeClass
FNDA:0,_showResultDetail
FNDA:0,_populateResultDetail
FNDA:0,(anonymous_15)
FNDA:0,_hideResultDetailModal
FNDA:0,_useInConversation
FNDA:0,_showSearchLoading
FNDA:0,_hideSearchLoading
FNDA:0,_showNoResults
FNDA:0,_getSelectedTopKValue
FNDA:0,handleResultModalKeydown
FNDA:0,(anonymous_23)
DA:5,1
DA:23,0
DA:24,0
DA:27,0
DA:40,0
DA:41,0
DA:42,0
DA:47,0
DA:48,0
DA:51,0
DA:52,0
DA:53,0
DA:54,0
DA:57,0
DA:58,0
DA:59,0
DA:60,0
DA:63,0
DA:64,0
DA:66,0
DA:67,0
DA:70,0
DA:78,0
DA:81,0
DA:83,0
DA:84,0
DA:86,0
DA:87,0
DA:89,0
DA:90,0
DA:92,0
DA:95,0
DA:99,0
DA:100,0
DA:104,0
DA:113,0
DA:114,0
DA:123,0
DA:124,0
DA:125,0
DA:126,0
DA:130,0
DA:131,0
DA:132,0
DA:133,0
DA:137,0
DA:138,0
DA:139,0
DA:140,0
DA:141,0
DA:142,0
DA:144,0
DA:145,0
DA:146,0
DA:147,0
DA:150,0
DA:155,0
DA:156,0
DA:157,0
DA:166,0
DA:167,0
DA:169,0
DA:170,0
DA:172,0
DA:174,0
DA:175,0
DA:177,0
DA:179,0
DA:195,0
DA:199,0
DA:200,0
DA:201,0
DA:209,0
DA:210,0
DA:211,0
DA:213,0
DA:214,0
DA:224,0
DA:225,0
DA:226,0
DA:228,0
DA:230,0
DA:231,0
DA:233,0
DA:235,0
DA:236,0
DA:237,0
DA:238,0
DA:239,0
DA:240,0
DA:242,0
DA:243,0
DA:244,0
DA:245,0
DA:254,0
DA:255,0
DA:256,0
DA:266,0
DA:271,0
DA:272,0
DA:273,0
DA:274,0
DA:276,0
DA:277,0
DA:278,0
DA:279,0
DA:280,0
DA:281,0
DA:283,0
DA:293,0
DA:294,0
DA:295,0
DA:296,0
DA:297,0
DA:310,0
DA:311,0
DA:314,0
DA:315,0
DA:325,0
DA:326,0
DA:327,0
DA:328,0
DA:336,0
DA:337,0
DA:341,0
DA:344,0
DA:353,0
DA:354,0
DA:357,0
LF:129
LH:1
BRDA:23,0,0,0
BRDA:23,0,1,0
BRDA:40,1,0,0
BRDA:40,1,1,0
BRDA:41,2,0,0
BRDA:41,2,1,0
BRDA:42,3,0,0
BRDA:42,3,1,0
BRDA:43,4,0,0
BRDA:43,4,1,0
BRDA:43,4,2,0
BRDA:53,5,0,0
BRDA:53,5,1,0
BRDA:58,6,0,0
BRDA:58,6,1,0
BRDA:67,7,0,0
BRDA:67,7,1,0
BRDA:78,8,0,0
BRDA:78,8,1,0
BRDA:81,9,0,0
BRDA:81,9,1,0
BRDA:84,10,0,0
BRDA:84,10,1,0
BRDA:113,11,0,0
BRDA:113,11,1,0
BRDA:124,12,0,0
BRDA:124,12,1,0
BRDA:131,13,0,0
BRDA:131,13,1,0
BRDA:138,14,0,0
BRDA:138,14,1,0
BRDA:145,15,0,0
BRDA:145,15,1,0
BRDA:156,16,0,0
BRDA:156,16,1,0
BRDA:157,17,0,0
BRDA:157,17,1,0
BRDA:172,18,0,0
BRDA:172,18,1,0
BRDA:174,19,0,0
BRDA:174,19,1,0
BRDA:174,19,2,0
BRDA:175,20,0,0
BRDA:175,20,1,0
BRDA:191,21,0,0
BRDA:191,21,1,0
BRDA:199,22,0,0
BRDA:199,22,1,0
BRDA:200,23,0,0
BRDA:200,23,1,0
BRDA:210,24,0,0
BRDA:210,24,1,0
BRDA:210,25,0,0
BRDA:210,25,1,0
BRDA:225,26,0,0
BRDA:225,26,1,0
BRDA:225,27,0,0
BRDA:225,27,1,0
BRDA:225,27,2,0
BRDA:225,27,3,0
BRDA:228,28,0,0
BRDA:228,28,1,0
BRDA:230,29,0,0
BRDA:230,29,1,0
BRDA:230,29,2,0
BRDA:231,30,0,0
BRDA:231,30,1,0
BRDA:239,31,0,0
BRDA:239,31,1,0
BRDA:242,32,0,0
BRDA:242,32,1,0
BRDA:255,33,0,0
BRDA:255,33,1,0
BRDA:255,34,0,0
BRDA:255,34,1,0
BRDA:266,35,0,0
BRDA:266,35,1,0
BRDA:266,35,2,0
BRDA:266,35,3,0
BRDA:271,36,0,0
BRDA:271,36,1,0
BRDA:272,37,0,0
BRDA:272,37,1,0
BRDA:277,38,0,0
BRDA:277,38,1,0
BRDA:296,39,0,0
BRDA:296,39,1,0
BRDA:310,40,0,0
BRDA:310,40,1,0
BRDA:314,41,0,0
BRDA:314,41,1,0
BRDA:314,42,0,0
BRDA:314,42,1,0
BRDA:326,43,0,0
BRDA:326,43,1,0
BRDA:337,44,0,0
BRDA:337,44,1,0
BRDA:341,45,0,0
BRDA:341,45,1,0
BRDA:353,46,0,0
BRDA:353,46,1,0
BRF:101
BRH:0
end_of_record
TN:
SF:static/js/logger.js
FN:6,createLogger
FN:11,(anonymous_1)
FN:12,(anonymous_2)
FN:36,shouldLog
FN:40,formatLogEntry
FN:57,log
FN:102,(anonymous_6)
FN:103,(anonymous_7)
FN:104,(anonymous_8)
FN:105,(anonymous_9)
FN:106,(anonymous_10)
FN:108,(anonymous_11)
FN:122,(anonymous_12)
FN:128,(anonymous_13)
FN:132,(anonymous_14)
FNF:15
FNH:7
FNDA:3,createLogger
FNDA:0,(anonymous_1)
FNDA:5,(anonymous_2)
FNDA:20,shouldLog
FNDA:5,formatLogEntry
FNDA:20,log
FNDA:15,(anonymous_6)
FNDA:5,(anonymous_7)
FNDA:0,(anonymous_8)
FNDA:0,(anonymous_9)
FNDA:0,(anonymous_10)
FNDA:0,(anonymous_11)
FNDA:0,(anonymous_12)
FNDA:0,(anonymous_13)
FNDA:0,(anonymous_14)
DA:11,0
DA:12,5
DA:17,3
DA:18,0
DA:20,3
DA:21,0
DA:23,3
DA:24,1
DA:26,2
DA:32,2
DA:34,2
DA:37,20
DA:41,5
DA:58,20
DA:61,5
DA:62,5
DA:64,5
DA:65,5
DA:66,5
DA:67,5
DA:68,5
DA:72,5
DA:73,0
DA:76,5
DA:79,5
DA:80,5
DA:81,5
DA:82,5
DA:83,5
DA:84,5
DA:87,5
DA:88,5
DA:89,5
DA:90,5
DA:91,0
DA:92,0
DA:93,0
DA:101,2
DA:102,15
DA:103,5
DA:104,0
DA:105,0
DA:106,0
DA:109,0
DA:123,0
DA:124,0
DA:129,0
DA:132,0
LF:48
LH:33
BRDA:7,0,0,0
BRDA:8,1,0,2
BRDA:9,2,0,2
BRDA:10,3,0,2
BRDA:11,4,0,2
BRDA:12,5,0,3
BRDA:17,6,0,0
BRDA:17,6,1,3
BRDA:20,7,0,0
BRDA:20,7,1,3
BRDA:23,8,0,1
BRDA:23,8,1,2
BRDA:34,9,0,2
BRDA:34,9,1,0
BRDA:45,10,0,5
BRDA:45,10,1,0
BRDA:48,11,0,0
BRDA:48,11,1,5
BRDA:58,12,0,15
BRDA:58,12,1,5
BRDA:64,13,0,5
BRDA:64,13,1,0
BRDA:66,14,0,5
BRDA:66,14,1,0
BRDA:66,15,0,5
BRDA:66,15,1,5
BRDA:66,15,2,5
BRDA:72,16,0,0
BRDA:72,16,1,5
BRDA:79,17,0,5
BRDA:79,17,1,0
BRDA:80,18,0,5
BRDA:80,18,1,0
BRDA:83,19,0,0
BRDA:83,19,1,5
BRDA:89,20,0,5
BRDA:89,20,1,0
BRDA:89,21,0,5
BRDA:89,21,1,5
BRDA:89,21,2,5
BRDA:92,22,0,0
BRDA:92,22,1,0
BRDA:123,23,0,0
BRDA:123,23,1,0
BRF:44
BRH:27
end_of_record
TN:
SF:static/js/modalConstants.js
FN:14,createModalConstants
FN:29,(anonymous_1)
FNF:2
FNH:1
FNDA:1,createModalConstants
FNDA:0,(anonymous_1)
DA:15,1
DA:29,1
DA:33,1
LF:3
LH:3
BRF:0
BRH:0
end_of_record
TN:
SF:static/js/modalFormHandler.js
FN:10,createModalFormHandler
FN:23,(anonymous_1)
FN:28,(anonymous_2)
FN:35,bindModalForm
FN:55,(anonymous_4)
FN:111,validateModalForm
FN:122,(anonymous_6)
FN:190,showFormErrors
FN:217,(anonymous_8)
FN:235,clearFormErrors
FN:247,(anonymous_10)
FN:257,setFormLoading
FN:266,(anonymous_12)
FN:284,(anonymous_13)
FN:311,clearModalForm
FN:317,(anonymous_15)
FN:327,(anonymous_16)
FN:340,populateModalForm
FN:344,(anonymous_18)
FN:365,getFormData
FN:374,(anonymous_20)
FN:406,(anonymous_21)
FNF:22
FNH:0
FNDA:0,createModalFormHandler
FNDA:0,(anonymous_1)
FNDA:0,(anonymous_2)
FNDA:0,bindModalForm
FNDA:0,(anonymous_4)
FNDA:0,validateModalForm
FNDA:0,(anonymous_6)
FNDA:0,showFormErrors
FNDA:0,(anonymous_8)
FNDA:0,clearFormErrors
FNDA:0,(anonymous_10)
FNDA:0,setFormLoading
FNDA:0,(anonymous_12)
FNDA:0,(anonymous_13)
FNDA:0,clearModalForm
FNDA:0,(anonymous_15)
FNDA:0,(anonymous_16)
FNDA:0,populateModalForm
FNDA:0,(anonymous_18)
FNDA:0,getFormData
FNDA:0,(anonymous_20)
FNDA:0,(anonymous_21)
DA:8,1
DA:17,0
DA:19,0
DA:20,0
DA:23,0
DA:28,0
DA:29,0
DA:36,0
DA:37,0
DA:38,0
DA:41,0
DA:42,0
DA:43,0
DA:44,0
DA:45,0
DA:53,0
DA:55,0
DA:56,0
DA:57,0
DA:59,0
DA:60,0
DA:63,0
DA:64,0
DA:65,0
DA:66,0
DA:67,0
DA:71,0
DA:72,0
DA:73,0
DA:75,0
DA:77,0
DA:78,0
DA:79,0
DA:82,0
DA:84,0
DA:91,0
DA:92,0
DA:94,0
DA:98,0
DA:103,0
DA:104,0
DA:106,0
DA:107,0
DA:112,0
DA:113,0
DA:116,0
DA:118,0
DA:120,0
DA:122,0
DA:123,0
DA:124,0
DA:126,0
DA:127,0
DA:128,0
DA:130,0
DA:134,0
DA:135,0
DA:136,0
DA:137,0
DA:138,0
DA:143,0
DA:144,0
DA:145,0
DA:146,0
DA:148,0
DA:149,0
DA:154,0
DA:155,0
DA:156,0
DA:157,0
DA:158,0
DA:160,0
DA:161,0
DA:163,0
DA:164,0
DA:165,0
DA:168,0
DA:169,0
DA:170,0
DA:176,0
DA:177,0
DA:183,0
DA:185,0
DA:186,0
DA:191,0
DA:193,0
DA:194,0
DA:196,0
DA:199,0
DA:200,0
DA:201,0
DA:202,0
DA:205,0
DA:206,0
DA:207,0
DA:209,0
DA:214,0
DA:215,0
DA:217,0
DA:218,0
DA:219,0
DA:220,0
DA:224,0
DA:225,0
DA:227,0
DA:229,0
DA:231,0
DA:236,0
DA:238,0
DA:239,0
DA:240,0
DA:241,0
DA:242,0
DA:246,0
DA:247,0
DA:248,0
DA:251,0
DA:253,0
DA:258,0
DA:260,0
DA:261,0
DA:262,0
DA:264,0
DA:266,0
DA:267,0
DA:271,0
DA:272,0
DA:273,0
DA:274,0
DA:276,0
DA:278,0
DA:281,0
DA:284,0
DA:285,0
DA:289,0
DA:290,0
DA:291,0
DA:292,0
DA:293,0
DA:295,0
DA:297,0
DA:299,0
DA:302,0
DA:305,0
DA:307,0
DA:312,0
DA:314,0
DA:316,0
DA:317,0
DA:318,0
DA:319,0
DA:321,0
DA:326,0
DA:327,0
DA:328,0
DA:332,0
DA:334,0
DA:336,0
DA:341,0
DA:343,0
DA:344,0
DA:345,0
DA:346,0
DA:347,0
DA:348,0
DA:349,0
DA:350,0
DA:352,0
DA:357,0
DA:358,0
DA:360,0
DA:361,0
DA:366,0
DA:368,0
DA:369,0
DA:370,0
DA:373,0
DA:374,0
DA:375,0
DA:376,0
DA:378,0
DA:382,0
DA:384,0
DA:385,0
DA:389,0
DA:407,0
DA:408,0
LF:187
LH:1
BRDA:10,0,0,0
BRDA:19,1,0,0
BRDA:19,1,1,0
BRDA:19,2,0,0
BRDA:19,2,1,0
BRDA:19,2,2,0
BRDA:19,2,3,0
BRDA:19,2,4,0
BRDA:23,3,0,0
BRDA:28,4,0,0
BRDA:29,5,0,0
BRDA:29,5,1,0
BRDA:35,6,0,0
BRDA:36,7,0,0
BRDA:36,7,1,0
BRDA:36,8,0,0
BRDA:36,8,1,0
BRDA:36,8,2,0
BRDA:43,9,0,0
BRDA:43,9,1,0
BRDA:49,10,0,0
BRDA:50,11,0,0
BRDA:51,12,0,0
BRDA:52,13,0,0
BRDA:63,14,0,0
BRDA:63,14,1,0
BRDA:65,15,0,0
BRDA:65,15,1,0
BRDA:77,16,0,0
BRDA:77,16,1,0
BRDA:78,17,0,0
BRDA:78,17,1,0
BRDA:82,18,0,0
BRDA:82,18,1,0
BRDA:92,19,0,0
BRDA:92,19,1,0
BRDA:112,20,0,0
BRDA:112,20,1,0
BRDA:124,21,0,0
BRDA:124,21,1,0
BRDA:124,21,2,0
BRDA:126,22,0,0
BRDA:126,22,1,0
BRDA:134,23,0,0
BRDA:134,23,1,0
BRDA:134,24,0,0
BRDA:134,24,1,0
BRDA:136,25,0,0
BRDA:136,25,1,0
BRDA:143,26,0,0
BRDA:143,26,1,0
BRDA:143,27,0,0
BRDA:143,27,1,0
BRDA:154,28,0,0
BRDA:154,28,1,0
BRDA:154,29,0,0
BRDA:154,29,1,0
BRDA:156,30,0,0
BRDA:156,30,1,0
BRDA:163,31,0,0
BRDA:163,31,1,0
BRDA:163,32,0,0
BRDA:163,32,1,0
BRDA:168,33,0,0
BRDA:168,33,1,0
BRDA:168,34,0,0
BRDA:168,34,1,0
BRDA:191,35,0,0
BRDA:191,35,1,0
BRDA:191,36,0,0
BRDA:191,36,1,0
BRDA:196,37,0,0
BRDA:196,37,1,0
BRDA:200,38,0,0
BRDA:200,38,1,0
BRDA:206,39,0,0
BRDA:206,39,1,0
BRDA:236,40,0,0
BRDA:236,40,1,0
BRDA:240,41,0,0
BRDA:240,41,1,0
BRDA:258,42,0,0
BRDA:258,42,1,0
BRDA:264,43,0,0
BRDA:264,43,1,0
BRDA:271,44,0,0
BRDA:271,44,1,0
BRDA:272,45,0,0
BRDA:272,45,1,0
BRDA:273,46,0,0
BRDA:273,46,1,0
BRDA:289,47,0,0
BRDA:289,47,1,0
BRDA:291,48,0,0
BRDA:291,48,1,0
BRDA:292,49,0,0
BRDA:292,49,1,0
BRDA:312,50,0,0
BRDA:312,50,1,0
BRDA:318,51,0,0
BRDA:318,51,1,0
BRDA:341,52,0,0
BRDA:341,52,1,0
BRDA:341,53,0,0
BRDA:341,53,1,0
BRDA:341,53,2,0
BRDA:346,54,0,0
BRDA:346,54,1,0
BRDA:347,55,0,0
BRDA:347,55,1,0
BRDA:347,56,0,0
BRDA:347,56,1,0
BRDA:349,57,0,0
BRDA:349,57,1,0
BRDA:352,58,0,0
BRDA:352,58,1,0
BRDA:366,59,0,0
BRDA:366,59,1,0
BRDA:375,60,0,0
BRDA:375,60,1,0
BRF:120
BRH:0
end_of_record
TN:
SF:static/js/modalManager.js
FN:17,createModalManager
FN:82,initialize
FN:85,(anonymous_2)
FN:115,setupGlobalEventListeners
FN:119,(anonymous_4)
FN:134,(anonymous_5)
FN:149,(anonymous_6)
FN:167,show
FN:229,hide
FN:272,toggle
FN:280,hideAll
FN:285,(anonymous_11)
FN:302,bindForm
FN:323,confirmDelete
FN:336,(anonymous_14)
FN:354,(anonymous_15)
FN:369,(anonymous_16)
FN:383,confirmAction
FN:391,(anonymous_18)
FN:404,(anonymous_19)
FN:405,(anonymous_20)
FN:406,(anonymous_21)
FN:407,(anonymous_22)
FN:411,(anonymous_23)
FN:426,(anonymous_24)
FN:427,(anonymous_25)
FN:430,(anonymous_26)
FN:431,(anonymous_27)
FN:437,(anonymous_28)
FN:457,(anonymous_29)
FN:464,(anonymous_30)
FN:488,createProjectModal
FN:493,openModal
FN:506,(anonymous_33)
FNF:34
FNH:0
FNDA:0,createModalManager
FNDA:0,initialize
FNDA:0,(anonymous_2)
FNDA:0,setupGlobalEventListeners
FNDA:0,(anonymous_4)
FNDA:0,(anonymous_5)
FNDA:0,(anonymous_6)
FNDA:0,show
FNDA:0,hide
FNDA:0,toggle
FNDA:0,hideAll
FNDA:0,(anonymous_11)
FNDA:0,bindForm
FNDA:0,confirmDelete
FNDA:0,(anonymous_14)
FNDA:0,(anonymous_15)
FNDA:0,(anonymous_16)
FNDA:0,confirmAction
FNDA:0,(anonymous_18)
FNDA:0,(anonymous_19)
FNDA:0,(anonymous_20)
FNDA:0,(anonymous_21)
FNDA:0,(anonymous_22)
FNDA:0,(anonymous_23)
FNDA:0,(anonymous_24)
FNDA:0,(anonymous_25)
FNDA:0,(anonymous_26)
FNDA:0,(anonymous_27)
FNDA:0,(anonymous_28)
FNDA:0,(anonymous_29)
FNDA:0,(anonymous_30)
FNDA:0,createProjectModal
FNDA:0,openModal
FNDA:0,(anonymous_33)
DA:32,0
DA:33,0
DA:35,0
DA:36,0
DA:38,0
DA:39,0
DA:42,0
DA:45,0
DA:46,0
DA:47,0
DA:51,0
DA:52,0
DA:53,0
DA:57,0
DA:64,0
DA:70,0
DA:79,0
DA:80,0
DA:83,0
DA:85,0
DA:86,0
DA:87,0
DA:92,0
DA:93,0
DA:94,0
DA:98,0
DA:100,0
DA:101,0
DA:107,0
DA:108,0
DA:112,0
DA:116,0
DA:119,0
DA:120,0
DA:121,0
DA:122,0
DA:123,0
DA:128,0
DA:134,0
DA:135,0
DA:136,0
DA:137,0
DA:138,0
DA:143,0
DA:149,0
DA:150,0
DA:151,0
DA:152,0
DA:153,0
DA:154,0
DA:155,0
DA:160,0
DA:168,0
DA:169,0
DA:171,0
DA:172,0
DA:173,0
DA:176,0
DA:177,0
DA:179,0
DA:180,0
DA:181,0
DA:185,0
DA:186,0
DA:193,0
DA:194,0
DA:198,0
DA:199,0
DA:200,0
DA:202,0
DA:207,0
DA:208,0
DA:209,0
DA:212,0
DA:213,0
DA:216,0
DA:217,0
DA:219,0
DA:220,0
DA:224,0
DA:225,0
DA:230,0
DA:231,0
DA:233,0
DA:235,0
DA:236,0
DA:237,0
DA:238,0
DA:242,0
DA:243,0
DA:244,0
DA:247,0
DA:248,0
DA:250,0
DA:251,0
DA:252,0
DA:256,0
DA:257,0
DA:258,0
DA:259,0
DA:260,0
DA:262,0
DA:263,0
DA:267,0
DA:268,0
DA:273,0
DA:274,0
DA:276,0
DA:281,0
DA:282,0
DA:285,0
DA:286,0
DA:287,0
DA:288,0
DA:289,0
DA:293,0
DA:294,0
DA:296,0
DA:297,0
DA:303,0
DA:304,0
DA:305,0
DA:307,0
DA:308,0
DA:309,0
DA:312,0
DA:317,0
DA:318,0
DA:332,0
DA:334,0
DA:337,0
DA:338,0
DA:339,0
DA:342,0
DA:343,0
DA:344,0
DA:345,0
DA:348,0
DA:354,0
DA:355,0
DA:356,0
DA:357,0
DA:365,0
DA:366,0
DA:367,0
DA:369,0
DA:370,0
DA:371,0
DA:372,0
DA:384,0
DA:388,0
DA:391,0
DA:404,0
DA:405,0
DA:406,0
DA:407,0
DA:412,0
DA:413,0
DA:414,0
DA:415,0
DA:416,0
DA:418,0
DA:426,0
DA:427,0
DA:430,0
DA:432,0
DA:433,0
DA:434,0
DA:438,0
DA:441,0
DA:442,0
DA:443,0
DA:446,0
DA:449,0
DA:450,0
DA:458,0
DA:461,0
DA:464,0
DA:465,0
DA:466,0
DA:468,0
DA:491,0
DA:495,0
DA:496,0
DA:497,0
DA:503,0
DA:505,0
DA:507,0
DA:513,0
DA:514,0
DA:516,0
DA:517,0
DA:522,0
LF:193
LH:0
BRDA:17,0,0,0
BRDA:32,1,0,0
BRDA:32,1,1,0
BRDA:35,2,0,0
BRDA:35,2,1,0
BRDA:38,3,0,0
BRDA:38,3,1,0
BRDA:45,4,0,0
BRDA:45,4,1,0
BRDA:46,5,0,0
BRDA:46,5,1,0
BRDA:52,6,0,0
BRDA:52,6,1,0
BRDA:65,7,0,0
BRDA:65,7,1,0
BRDA:67,8,0,0
BRDA:67,8,1,0
BRDA:83,9,0,0
BRDA:83,9,1,0
BRDA:92,10,0,0
BRDA:92,10,1,0
BRDA:120,11,0,0
BRDA:120,11,1,0
BRDA:122,12,0,0
BRDA:122,12,1,0
BRDA:135,13,0,0
BRDA:135,13,1,0
BRDA:137,14,0,0
BRDA:137,14,1,0
BRDA:150,15,0,0
BRDA:150,15,1,0
BRDA:151,16,0,0
BRDA:151,16,1,0
BRDA:153,17,0,0
BRDA:153,17,1,0
BRDA:167,18,0,0
BRDA:171,19,0,0
BRDA:171,19,1,0
BRDA:179,20,0,0
BRDA:179,20,1,0
BRDA:185,21,0,0
BRDA:185,21,1,0
BRDA:193,22,0,0
BRDA:193,22,1,0
BRDA:198,23,0,0
BRDA:198,23,1,0
BRDA:208,24,0,0
BRDA:208,24,1,0
BRDA:212,25,0,0
BRDA:212,25,1,0
BRDA:233,26,0,0
BRDA:233,26,1,0
BRDA:236,27,0,0
BRDA:236,27,1,0
BRDA:242,28,0,0
BRDA:242,28,1,0
BRDA:250,29,0,0
BRDA:250,29,1,0
BRDA:257,30,0,0
BRDA:257,30,1,0
BRDA:272,31,0,0
BRDA:273,32,0,0
BRDA:273,32,1,0
BRDA:288,33,0,0
BRDA:288,33,1,0
BRDA:302,34,0,0
BRDA:307,35,0,0
BRDA:307,35,1,0
BRDA:323,36,0,0
BRDA:325,37,0,0
BRDA:326,38,0,0
BRDA:327,39,0,0
BRDA:328,40,0,0
BRDA:329,41,0,0
BRDA:338,42,0,0
BRDA:338,42,1,0
BRDA:343,43,0,0
BRDA:343,43,1,0
BRDA:356,44,0,0
BRDA:356,44,1,0
BRDA:366,45,0,0
BRDA:366,45,1,0
BRDA:371,46,0,0
BRDA:371,46,1,0
BRDA:383,47,0,0
BRDA:414,48,0,0
BRDA:414,48,1,0
BRDA:434,49,0,0
BRDA:434,49,1,0
BRDA:465,50,0,0
BRDA:465,50,1,0
BRDA:488,51,0,0
BRDA:493,52,0,0
BRDA:495,53,0,0
BRDA:495,53,1,0
BRDA:503,54,0,0
BRDA:503,55,0,0
BRDA:503,56,0,0
BRDA:503,56,1,0
[...]
BRDA:100,22,0,0
BRDA:100,22,1,0
BRDA:100,23,0,0
BRDA:100,23,1,0
BRDA:103,24,0,0
BRDA:103,24,1,0
BRDA:103,25,0,0
BRDA:103,25,1,0
BRDA:106,26,0,0
BRDA:106,26,1,0
BRDA:106,27,0,0
BRDA:106,27,1,0
BRDA:109,28,0,0
BRDA:109,28,1,0
BRDA:109,29,0,0
BRDA:109,29,1,0
BRDA:112,30,0,0
BRDA:112,30,1,0
BRDA:112,31,0,0
BRDA:112,31,1,0
BRDA:118,32,0,0
BRDA:118,32,1,0
BRDA:123,33,0,0
BRDA:123,33,1,0
BRDA:125,34,0,0
BRDA:125,34,1,0
BRDA:125,35,0,0
BRDA:125,35,1,0
BRDA:126,36,0,0
BRDA:126,36,1,0
BRDA:126,37,0,0
BRDA:126,37,1,0
BRDA:126,37,2,0
BRDA:133,38,0,0
BRDA:133,38,1,0
BRDA:133,39,0,0
BRDA:133,39,1,0
BRDA:133,39,2,0
BRDA:138,40,0,0
BRDA:138,40,1,0
BRDA:140,41,0,0
BRDA:140,41,1,0
BRDA:140,42,0,0
BRDA:140,42,1,0
BRDA:141,43,0,0
BRDA:141,43,1,0
BRDA:141,44,0,0
BRDA:141,44,1,0
BRDA:141,44,2,0
BRDA:154,45,0,0
BRDA:154,45,1,0
BRDA:154,45,2,0
BRDA:157,46,0,0
BRDA:157,46,1,0
BRDA:157,46,2,0
BRDA:159,47,0,0
BRDA:159,47,1,0
BRDA:159,48,0,0
BRDA:159,48,1,0
BRDA:159,48,2,0
BRDA:163,49,0,0
BRDA:163,49,1,0
BRDA:163,49,2,0
BRDA:165,50,0,0
BRDA:165,50,1,0
BRDA:166,51,0,0
BRDA:166,51,1,0
BRDA:166,52,0,0
BRDA:166,52,1,0
BRDA:197,53,0,0
BRDA:197,53,1,0
BRDA:204,54,0,0
BRDA:204,54,1,0
BRDA:204,55,0,0
BRDA:204,55,1,0
BRDA:210,56,0,0
BRDA:210,56,1,0
BRDA:210,57,0,0
BRDA:210,57,1,0
BRDA:214,58,0,0
BRDA:214,58,1,0
BRDA:214,59,0,0
BRDA:214,59,1,0
BRDA:219,60,0,0
BRDA:219,60,1,0
BRDA:219,60,2,0
BRDA:222,61,0,0
BRDA:222,61,1,0
BRDA:222,62,0,0
BRDA:222,62,1,0
BRDA:227,63,0,0
BRDA:227,63,1,0
BRDA:227,64,0,0
BRDA:227,64,1,0
BRDA:233,65,0,0
BRDA:233,65,1,0
BRDA:233,66,0,0
BRDA:233,66,1,0
BRDA:238,67,0,0
BRDA:238,67,1,0
BRDA:238,68,0,0
BRDA:238,68,1,0
BRDA:244,69,0,0
BRDA:244,69,1,0
BRDA:244,70,0,0
BRDA:244,70,1,0
BRDA:252,71,0,0
BRDA:252,71,1,0
BRDA:252,72,0,0
BRDA:252,72,1,0
BRDA:259,73,0,0
BRDA:259,73,1,0
BRDA:259,74,0,0
BRDA:259,74,1,0
BRDA:265,75,0,0
BRDA:265,75,1,0
BRDA:265,76,0,0
BRDA:265,76,1,0
BRDA:271,77,0,0
BRDA:271,77,1,0
BRDA:274,78,0,0
BRDA:274,78,1,0
BRDA:277,79,0,0
BRDA:277,79,1,0
BRDA:277,80,0,0
BRDA:277,80,1,0
BRDA:286,81,0,0
BRDA:287,82,0,0
BRDA:287,82,1,0
BRDA:288,83,0,0
BRDA:288,83,1,0
BRDA:291,84,0,0
BRDA:305,85,0,0
BRDA:305,85,1,0
BRDA:305,86,0,0
BRDA:305,86,1,0
BRDA:307,87,0,0
BRDA:307,87,1,0
BRDA:311,88,0,0
BRDA:311,88,1,0
BRDA:323,89,0,0
BRDA:323,90,0,0
BRDA:325,91,0,0
BRDA:325,91,1,0
BRDA:345,92,0,0
BRDA:345,92,1,0
BRDA:349,93,0,0
BRDA:349,93,1,0
BRDA:350,94,0,0
BRDA:350,94,1,0
BRDA:350,95,0,0
BRDA:350,95,1,0
BRDA:366,96,0,0
BRDA:366,96,1,0
BRF:194
BRH:7
end_of_record
TN:
SF:static/js/utils/domReadinessService.js
FN:39,createDomReadinessService
FN:77,setLogger
FN:83,setEventHandlers
FN:87,_trackListener
FN:91,(anonymous_4)
FN:93,(anonymous_5)
FN:96,_createCustomEvent
FN:107,_cleanupListeners
FN:118,_nowPerf
FN:123,_markStart
FN:125,(anonymous_10)
FN:130,_markEnd
FN:132,(anonymous_12)
FN:148,documentReady
FN:155,(anonymous_14)
FN:159,(anonymous_15)
FN:176,elementsReady
FN:186,(anonymous_17)
FN:188,(anonymous_18)
FN:200,(anonymous_19)
FN:203,(anonymous_20)
FN:205,(anonymous_21)
FN:206,(anonymous_22)
FN:216,(anonymous_23)
FN:221,(anonymous_24)
FN:222,(anonymous_25)
FN:239,(anonymous_26)
FN:241,(anonymous_27)
FN:242,(anonymous_28)
FN:295,_pollForElements
FN:296,(anonymous_30)
FN:297,(anonymous_31)
FN:298,(anonymous_32)
FN:316,_ensureObserver
FN:328,(anonymous_34)
FN:331,(anonymous_35)
FN:363,dependenciesAndElements
FN:391,(anonymous_37)
FN:408,cleanupExpiredEvents
FN:432,startCleanupTimer
FN:435,(anonymous_40)
FN:444,emitReplayable
FN:467,(anonymous_42)
FN:505,(anonymous_43)
FN:549,waitForEvent
FN:613,(anonymous_45)
FN:618,(anonymous_46)
FN:637,(anonymous_47)
FN:651,(anonymous_48)
FN:676,getEventReplayStats
FN:725,destroy
FN:733,(anonymous_51)
FN:754,getSelectorTimings
FN:756,(anonymous_53)
FN:760,getMissingSelectors
FN:764,getFiredEvents
FN:769,isReplayEnabled
FNF:57
FNH:2
FNDA:1,createDomReadinessService
FNDA:0,setLogger
FNDA:1,setEventHandlers
FNDA:0,_trackListener
FNDA:0,(anonymous_4)
FNDA:0,(anonymous_5)
FNDA:0,_createCustomEvent
FNDA:0,_cleanupListeners
FNDA:0,_nowPerf
FNDA:0,_markStart
FNDA:0,(anonymous_10)
FNDA:0,_markEnd
FNDA:0,(anonymous_12)
FNDA:0,documentReady
FNDA:0,(anonymous_14)
FNDA:0,(anonymous_15)
FNDA:0,elementsReady
FNDA:0,(anonymous_17)
FNDA:0,(anonymous_18)
FNDA:0,(anonymous_19)
FNDA:0,(anonymous_20)
FNDA:0,(anonymous_21)
FNDA:0,(anonymous_22)
FNDA:0,(anonymous_23)
FNDA:0,(anonymous_24)
FNDA:0,(anonymous_25)
FNDA:0,(anonymous_26)
FNDA:0,(anonymous_27)
FNDA:0,(anonymous_28)
FNDA:0,_pollForElements
FNDA:0,(anonymous_30)
FNDA:0,(anonymous_31)
FNDA:0,(anonymous_32)
FNDA:0,_ensureObserver
FNDA:0,(anonymous_34)
FNDA:0,(anonymous_35)
FNDA:0,dependenciesAndElements
FNDA:0,(anonymous_37)
FNDA:0,cleanupExpiredEvents
FNDA:0,startCleanupTimer
FNDA:0,(anonymous_40)
FNDA:0,emitReplayable
FNDA:0,(anonymous_42)
FNDA:0,(anonymous_43)
FNDA:0,waitForEvent
FNDA:0,(anonymous_45)
FNDA:0,(anonymous_46)
FNDA:0,(anonymous_47)
FNDA:0,(anonymous_48)
FNDA:0,getEventReplayStats
FNDA:0,destroy
FNDA:0,(anonymous_51)
FNDA:0,getSelectorTimings
FNDA:0,(anonymous_53)
FNDA:0,getMissingSelectors
FNDA:0,getFiredEvents
FNDA:0,isReplayEnabled
DA:48,1
DA:50,1
DA:52,1
DA:54,1
DA:56,1
DA:59,1
DA:67,1
DA:68,0
DA:69,1
DA:72,1
DA:73,0
DA:74,1
DA:75,1
DA:78,0
DA:82,1
DA:84,1
DA:88,0
DA:89,0
DA:91,0
DA:92,0
DA:93,0
DA:97,0
DA:98,0
DA:100,0
DA:101,0
DA:102,0
DA:104,0
DA:108,0
DA:109,0
DA:114,1
DA:117,1
DA:119,0
DA:120,0
DA:124,0
DA:125,0
DA:126,0
DA:127,0
DA:131,0
DA:132,0
DA:133,0
DA:134,0
DA:135,0
DA:136,0
DA:137,0
DA:138,0
DA:139,0
DA:149,0
DA:151,0
DA:152,0
DA:155,0
DA:156,0
DA:159,0
DA:181,0
DA:183,0
DA:186,0
DA:187,0
DA:188,0
DA:192,0
DA:195,0
DA:196,0
DA:200,0
DA:201,0
DA:203,0
DA:205,0
DA:206,0
DA:207,0
DA:208,0
DA:212,0
DA:216,0
DA:218,0
DA:219,0
DA:221,0
DA:222,0
DA:223,0
DA:227,0
DA:236,0
DA:237,0
DA:240,0
DA:241,0
DA:242,0
DA:244,0
DA:245,0
DA:246,0
DA:247,0
DA:248,0
DA:252,0
DA:255,0
DA:257,0
DA:262,0
DA:263,0
DA:265,0
DA:267,0
DA:271,0
DA:272,0
DA:278,0
DA:280,0
DA:286,0
DA:287,0
DA:296,0
DA:297,0
DA:298,0
DA:299,0
DA:300,0
DA:303,0
DA:304,0
DA:305,0
DA:307,0
DA:318,0
DA:322,0
DA:323,0
DA:324,0
DA:325,0
DA:328,0
DA:329,0
DA:331,0
DA:332,0
DA:336,0
DA:337,0
DA:338,0
DA:340,0
DA:341,0
DA:346,0
DA:348,0
DA:351,0
DA:371,0
DA:372,0
DA:374,0
DA:376,0
DA:383,0
DA:384,0
DA:385,0
DA:387,0
DA:389,0
DA:391,0
DA:392,0
DA:393,0
DA:397,0
DA:399,0
DA:402,0
DA:409,0
DA:411,0
DA:412,0
DA:414,0
DA:415,0
DA:416,0
DA:417,0
DA:424,0
DA:425,0
DA:433,0
DA:435,0
DA:436,0
DA:446,0
DA:447,0
DA:448,0
DA:451,0
DA:452,0
DA:453,0
DA:454,0
DA:455,0
DA:458,0
DA:465,0
DA:466,0
DA:467,0
DA:468,0
DA:469,0
DA:470,0
DA:477,0
DA:479,0
DA:486,0
DA:489,0
DA:490,0
DA:491,0
DA:494,0
DA:495,0
DA:496,0
DA:498,0
DA:505,0
DA:506,0
DA:507,0
DA:512,0
DA:521,0
DA:528,0
DA:530,0
DA:532,0
DA:554,0
DA:555,0
DA:561,0
DA:562,0
DA:563,0
DA:564,0
DA:565,0
DA:566,0
DA:567,0
DA:569,0
DA:576,0
DA:577,0
DA:580,0
DA:581,0
DA:582,0
DA:588,0
DA:589,0
DA:598,0
DA:599,0
DA:602,0
DA:604,0
DA:611,0
DA:613,0
DA:614,0
DA:615,0
DA:618,0
DA:619,0
DA:620,0
DA:621,0
DA:623,0
DA:624,0
DA:625,0
DA:627,0
DA:632,0
DA:637,0
DA:638,0
DA:639,0
DA:647,0
DA:648,0
DA:652,0
DA:653,0
DA:658,0
DA:663,0
DA:665,0
DA:667,0
DA:668,0
DA:677,0
DA:688,0
DA:690,0
DA:691,0
DA:692,0
DA:694,0
DA:695,0
DA:696,0
DA:698,0
DA:700,0
DA:709,0
DA:710,0
DA:711,0
DA:713,0
DA:714,0
DA:715,0
DA:719,0
DA:727,0
DA:728,0
DA:729,0
DA:733,0
DA:734,0
DA:735,0
DA:737,0
DA:741,0
DA:744,0
DA:745,0
DA:746,0
DA:749,0
DA:751,0
DA:755,0
DA:756,0
DA:757,0
DA:761,0
DA:765,0
DA:770,0
DA:773,1
LF:267
LH:16
BRDA:39,0,0,0
BRDA:43,1,0,0
BRDA:45,2,0,0
BRDA:60,3,0,1
BRDA:60,3,1,1
BRDA:61,4,0,1
BRDA:61,4,1,1
BRDA:62,5,0,1
BRDA:62,5,1,1
BRDA:63,6,0,1
BRDA:63,6,1,1
BRDA:67,7,0,0
BRDA:67,7,1,1
BRDA:72,8,0,0
BRDA:72,8,1,1
BRDA:78,9,0,0
BRDA:78,9,1,0
BRDA:82,10,0,1
BRDA:82,10,1,0
BRDA:84,11,0,1
BRDA:84,11,1,0
BRDA:87,12,0,0
BRDA:88,13,0,0
BRDA:88,13,1,0
BRDA:91,14,0,0
BRDA:91,14,1,0
BRDA:91,15,0,0
BRDA:91,15,1,0
BRDA:96,16,0,0
BRDA:97,17,0,0
BRDA:97,17,1,0
BRDA:101,18,0,0
BRDA:101,18,1,0
BRDA:107,19,0,0
BRDA:108,20,0,0
BRDA:108,20,1,0
BRDA:120,21,0,0
BRDA:120,21,1,0
BRDA:126,22,0,0
BRDA:126,22,1,0
BRDA:134,23,0,0
BRDA:134,23,1,0
BRDA:134,24,0,0
BRDA:134,24,1,0
BRDA:136,25,0,0
BRDA:136,25,1,0
BRDA:151,26,0,0
BRDA:151,26,1,0
BRDA:176,27,0,0
BRDA:177,28,0,0
BRDA:178,29,0,0
BRDA:179,30,0,0
BRDA:181,31,0,0
BRDA:181,31,1,0
BRDA:187,32,0,0
BRDA:187,32,1,0
BRDA:195,33,0,0
BRDA:195,33,1,0
BRDA:206,34,0,0
BRDA:206,34,1,0
BRDA:236,35,0,0
BRDA:236,35,1,0
BRDA:242,36,0,0
BRDA:242,36,1,0
BRDA:298,37,0,0
BRDA:298,37,1,0
BRDA:318,38,0,0
BRDA:318,38,1,0
BRDA:323,39,0,0
BRDA:323,39,1,0
BRDA:329,40,0,0
BRDA:329,40,1,0
BRDA:337,41,0,0
BRDA:337,41,1,0
BRDA:363,42,0,0
BRDA:364,43,0,0
BRDA:365,44,0,0
BRDA:366,45,0,0
BRDA:367,46,0,0
BRDA:368,47,0,0
BRDA:371,48,0,0
BRDA:371,48,1,0
BRDA:372,49,0,0
BRDA:372,49,1,0
BRDA:383,50,0,0
BRDA:383,50,1,0
BRDA:392,51,0,0
BRDA:392,51,1,0
BRDA:409,52,0,0
BRDA:409,52,1,0
BRDA:415,53,0,0
BRDA:415,53,1,0
BRDA:415,54,0,0
BRDA:415,54,1,0
BRDA:424,55,0,0
BRDA:424,55,1,0
BRDA:433,56,0,0
BRDA:433,56,1,0
BRDA:433,57,0,0
BRDA:433,57,1,0
BRDA:444,58,0,0
BRDA:446,59,0,0
BRDA:446,59,1,0
BRDA:446,60,0,0
BRDA:446,60,1,0
BRDA:451,61,0,0
BRDA:451,61,1,0
BRDA:465,62,0,0
BRDA:465,62,1,0
BRDA:468,63,0,0
BRDA:468,63,1,0
BRDA:496,64,0,0
BRDA:496,64,1,0
BRDA:496,65,0,0
BRDA:496,65,1,0
BRDA:549,66,0,0
BRDA:550,67,0,0
BRDA:551,68,0,0
BRDA:554,69,0,0
BRDA:554,69,1,0
BRDA:554,70,0,0
BRDA:554,70,1,0
BRDA:562,71,0,0
BRDA:562,71,1,0
BRDA:562,72,0,0
BRDA:562,72,1,0
BRDA:565,73,0,0
BRDA:565,73,1,0
BRDA:576,74,0,0
BRDA:576,74,1,0
BRDA:580,75,0,0
BRDA:580,75,1,0
BRDA:580,76,0,0
BRDA:580,76,1,0
BRDA:619,77,0,0
BRDA:619,77,1,0
BRDA:623,78,0,0
BRDA:623,78,1,0
BRDA:623,79,0,0
BRDA:623,79,1,0
BRDA:688,80,0,0
BRDA:688,80,1,0
BRDA:696,81,0,0
BRDA:696,81,1,0
BRDA:698,82,0,0
BRDA:698,82,1,0
BRDA:706,83,0,0
BRDA:706,83,1,0
BRDA:709,84,0,0
BRDA:709,84,1,0
BRDA:713,85,0,0
BRDA:713,85,1,0
BRDA:727,86,0,0
BRDA:727,86,1,0
BRF:154
BRH:12
end_of_record
TN:
SF:static/js/utils/getSafeHandler.js
FN:1,createSafeHandler
FN:7,safeHandler
FN:12,(anonymous_2)
FN:21,(anonymous_3)
FN:25,getSafeHandler
FN:26,(anonymous_5)
FNF:6
FNH:0
FNDA:0,createSafeHandler
FNDA:0,safeHandler
FNDA:0,(anonymous_2)
FNDA:0,(anonymous_3)
FNDA:0,getSafeHandler
FNDA:0,(anonymous_5)
DA:2,0
DA:3,0
DA:5,0
DA:8,0
DA:13,0
DA:15,0
DA:21,0
DA:26,0
LF:8
LH:0
BRDA:1,0,0,0
BRDA:2,1,0,0
BRDA:2,1,1,0
BRDA:3,2,0,0
BRDA:3,2,1,0
BRDA:7,3,0,0
BRDA:8,4,0,0
BRDA:8,4,1,0
BRDA:10,5,0,0
BRDA:10,5,1,0
BRF:10
BRH:0
end_of_record
TN:
SF:static/js/utils/globalUtils.js
FN:48,isAbsoluteUrl
FN:64,shouldSkipDedup
FN:74,debounce
FN:78,(anonymous_3)
FN:89,debounced
FN:92,(anonymous_5)
FN:111,stableStringify
FN:116,(anonymous_7)
FN:119,_safeParseJSON
FN:129,_createElement
FN:147,(anonymous_10)
FN:157,(anonymous_11)
FN:169,(anonymous_12)
FN:180,_toggleElement
FN:183,(anonymous_14)
FN:193,(anonymous_15)
FN:194,_formatDate
FN:209,formatBytes
FN:216,(anonymous_18)
FN:238,toggleElement
FN:246,createGlobalUtils
FN:257,(anonymous_21)
FN:265,(anonymous_22)
FN:273,(anonymous_23)
FN:284,(anonymous_24)
FN:285,(anonymous_25)
FNF:26
FNH:0
FNDA:0,isAbsoluteUrl
FNDA:0,shouldSkipDedup
FNDA:0,debounce
FNDA:0,(anonymous_3)
FNDA:0,debounced
FNDA:0,(anonymous_5)
FNDA:0,stableStringify
FNDA:0,(anonymous_7)
FNDA:0,_safeParseJSON
FNDA:0,_createElement
FNDA:0,(anonymous_10)
FNDA:0,(anonymous_11)
FNDA:0,(anonymous_12)
FNDA:0,_toggleElement
FNDA:0,(anonymous_14)
FNDA:0,(anonymous_15)
FNDA:0,_formatDate
FNDA:0,formatBytes
FNDA:0,(anonymous_18)
FNDA:0,toggleElement
FNDA:0,createGlobalUtils
FNDA:0,(anonymous_21)
FNDA:0,(anonymous_22)
FNDA:0,(anonymous_23)
FNDA:0,(anonymous_24)
FNDA:0,(anonymous_25)
DA:1,2
DA:39,2
DA:49,0
DA:63,2
DA:65,0
DA:75,0
DA:78,0
DA:79,0
DA:82,0
DA:83,0
DA:84,0
DA:86,0
DA:89,0
DA:90,0
DA:91,0
DA:92,0
DA:93,0
DA:94,0
DA:112,0
DA:113,0
DA:114,0
DA:116,0
DA:120,0
DA:121,0
DA:122,0
DA:124,0
DA:130,0
DA:131,0
DA:133,0
DA:134,0
DA:135,0
DA:136,0
DA:137,0
DA:138,0
DA:139,0
DA:142,0
DA:147,0
DA:148,0
DA:149,0
DA:150,0
DA:151,0
DA:152,0
DA:157,0
DA:158,0
DA:160,0
DA:170,0
DA:173,0
DA:181,0
DA:182,0
DA:183,0
DA:184,0
DA:185,0
DA:193,2
DA:195,0
DA:196,0
DA:197,0
DA:203,0
DA:210,0
DA:211,0
DA:212,0
DA:213,0
DA:214,0
DA:216,2
DA:218,0
DA:239,0
DA:240,0
DA:247,0
DA:248,0
DA:250,0
DA:258,0
DA:259,0
DA:261,0
DA:262,0
DA:266,0
DA:267,0
DA:269,0
DA:270,0
DA:274,0
DA:275,0
DA:277,0
DA:284,0
LF:81
LH:5
BRDA:48,0,0,0
BRDA:64,1,0,0
BRDA:74,2,0,0
BRDA:74,3,0,0
BRDA:79,4,0,0
BRDA:79,4,1,0
BRDA:79,5,0,0
BRDA:79,5,1,0
BRDA:84,6,0,0
BRDA:84,6,1,0
BRDA:84,7,0,0
BRDA:84,7,1,0
BRDA:112,8,0,0
BRDA:112,8,1,0
BRDA:112,9,0,0
BRDA:112,9,1,0
BRDA:113,10,0,0
BRDA:113,10,1,0
BRDA:120,11,0,0
BRDA:120,11,1,0
BRDA:124,12,0,0
BRDA:124,12,1,0
BRDA:129,13,0,0
BRDA:131,14,0,0
BRDA:131,14,1,0
BRDA:134,15,0,0
BRDA:134,15,1,0
BRDA:135,16,0,0
BRDA:135,16,1,0
BRDA:136,17,0,0
BRDA:136,17,1,0
BRDA:137,18,0,0
BRDA:137,18,1,0
BRDA:138,19,0,0
BRDA:138,19,1,0
BRDA:148,20,0,0
BRDA:148,20,1,0
BRDA:148,21,0,0
BRDA:148,21,1,0
BRDA:150,22,0,0
BRDA:150,22,1,0
BRDA:158,23,0,0
BRDA:158,23,1,0
BRDA:170,24,0,0
BRDA:170,24,1,0
BRDA:182,25,0,0
BRDA:182,25,1,0
BRDA:184,26,0,0
BRDA:184,26,1,0
BRDA:184,27,0,0
BRDA:184,27,1,0
BRDA:193,28,0,0
BRDA:193,28,1,0
BRDA:195,29,0,0
BRDA:195,29,1,0
BRDA:210,30,0,0
BRDA:210,30,1,0
BRDA:212,31,0,0
BRDA:212,31,1,0
BRDA:216,32,0,0
BRDA:218,33,0,0
BRDA:218,33,1,0
BRDA:246,34,0,0
BRDA:247,35,0,0
BRDA:247,35,1,0
BRDA:248,36,0,0
BRDA:248,36,1,0
BRF:67
BRH:0
end_of_record
TN:
SF:static/js/utils/initHelpers.js
FN:19,safeInit
FN:45,createDomWaitHelper
FN:46,waitForDependenciesAndElements
FN:78,createTimeoutWrapper
FN:79,withTimeout
FN:82,(anonymous_5)
FN:84,(anonymous_6)
FN:100,createInitHelpers
FN:109,(anonymous_8)
FN:112,(anonymous_9)
FNF:10
FNH:0
FNDA:0,safeInit
FNDA:0,createDomWaitHelper
FNDA:0,waitForDependenciesAndElements
FNDA:0,createTimeoutWrapper
FNDA:0,withTimeout
FNDA:0,(anonymous_5)
FNDA:0,(anonymous_6)
FNDA:0,createInitHelpers
FNDA:0,(anonymous_8)
FNDA:0,(anonymous_9)
DA:20,0
DA:21,0
DA:22,0
DA:23,0
DA:24,0
DA:26,0
DA:27,0
DA:28,0
DA:30,0
DA:31,0
DA:32,0
DA:34,0
DA:35,0
DA:46,0
DA:52,0
DA:53,0
DA:59,0
DA:61,0
DA:67,0
DA:79,0
DA:80,0
DA:83,0
DA:84,0
DA:101,0
DA:102,0
DA:105,0
DA:106,0
DA:108,0
DA:109,0
LF:29
LH:0
BRDA:20,0,0,0
BRDA:20,0,1,0
BRDA:20,1,0,0
BRDA:20,1,1,0
BRDA:22,2,0,0
BRDA:22,2,1,0
BRDA:26,3,0,0
BRDA:26,3,1,0
BRDA:32,4,0,0
BRDA:32,4,1,0
BRDA:46,5,0,0
BRDA:47,6,0,0
BRDA:48,7,0,0
BRDA:49,8,0,0
BRDA:50,9,0,0
BRDA:79,10,0,0
BRDA:101,11,0,0
BRDA:101,11,1,0
BRDA:101,12,0,0
BRDA:101,12,1,0
BRDA:101,12,2,0
BRF:21
BRH:0
end_of_record
TN:
SF:static/js/utils/polyfillCustomEvent.js
FN:1,createCustomEventPolyfill
FN:6,(anonymous_1)
FN:8,CustomEvent
FN:19,(anonymous_3)
FNF:4
FNH:2
FNDA:1,createCustomEventPolyfill
FNDA:0,(anonymous_1)
FNDA:5,CustomEvent
FNDA:0,(anonymous_3)
DA:2,1
DA:3,1
DA:4,1
DA:5,1
DA:6,0
DA:9,5
DA:10,0
DA:11,0
DA:13,1
DA:14,1
DA:16,1
DA:17,1
DA:19,0
LF:13
LH:9
BRDA:1,0,0,0
BRDA:2,1,0,0
BRDA:2,1,1,1
BRDA:5,2,0,0
BRDA:5,2,1,1
BRDA:8,3,0,0
BRF:6
BRH:2
end_of_record
TN:
SF:static/js/utils/pullToRefresh.js
FN:1,createPullToRefresh
FN:31,reset
FN:39,(anonymous_2)
FN:47,(anonymous_3)
FN:70,(anonymous_4)
FN:81,(anonymous_5)
FN:109,(anonymous_6)
FNF:7
FNH:0
FNDA:0,createPullToRefresh
FNDA:0,reset
FNDA:0,(anonymous_2)
FNDA:0,(anonymous_3)
FNDA:0,(anonymous_4)
FNDA:0,(anonymous_5)
FNDA:0,(anonymous_6)
DA:6,0
DA:7,0
DA:9,0
DA:10,0
DA:11,0
DA:12,0
DA:15,0
DA:16,0
DA:17,0
DA:18,0
DA:19,0
DA:20,0
DA:24,0
DA:25,0
DA:27,0
DA:32,0
DA:33,0
DA:34,0
DA:35,0
DA:39,0
DA:40,0
DA:41,0
DA:42,0
DA:47,0
DA:48,0
DA:50,0
DA:51,0
DA:53,0
DA:54,0
DA:55,0
DA:56,0
DA:57,0
DA:59,0
DA:60,0
DA:65,0
DA:70,0
DA:71,0
DA:73,0
DA:75,0
DA:76,0
DA:77,0
DA:81,0
DA:82,0
DA:85,0
DA:89,0
DA:95,0
DA:101,0
DA:108,0
DA:110,0
DA:111,0
LF:50
LH:0
BRDA:4,0,0,0
BRDA:4,1,0,0
BRDA:6,2,0,0
BRDA:6,2,1,0
BRDA:6,3,0,0
BRDA:6,3,1,0
BRDA:15,4,0,0
BRDA:15,4,1,0
BRDA:16,5,0,0
BRDA:16,5,1,0
BRDA:18,6,0,0
BRDA:18,6,1,0
BRDA:24,7,0,0
BRDA:24,7,1,0
BRDA:40,8,0,0
BRDA:40,8,1,0
BRDA:48,9,0,0
BRDA:48,9,1,0
BRDA:53,10,0,0
BRDA:53,10,1,0
BRDA:56,11,0,0
BRDA:56,11,1,0
BRDA:59,12,0,0
BRDA:59,12,1,0
BRDA:59,13,0,0
BRDA:59,13,1,0
BRDA:71,14,0,0
BRDA:71,14,1,0
BRDA:75,15,0,0
BRDA:75,15,1,0
BRF:30
BRH:0
end_of_record
TN:
SF:static/js/utils/selectorConstants.js
FN:15,deepFreeze
FN:27,getSel
FN:35,pickKeys
FN:37,(anonymous_3)
FN:112,(anonymous_4)
FN:118,(anonymous_5)
FN:207,createSelectorConstants
FN:213,(anonymous_7)
FNF:8
FNH:6
FNDA:28,deepFreeze
FNDA:2,getSel
FNDA:12,pickKeys
FNDA:148,(anonymous_3)
FNDA:200,(anonymous_4)
FNDA:4,(anonymous_5)
FNDA:0,createSelectorConstants
FNDA:0,(anonymous_7)
DA:16,28
DA:17,28
DA:18,720
DA:19,720
DA:21,28
DA:28,2
DA:36,12
DA:37,12
DA:38,148
DA:40,12
DA:44,4
DA:108,4
DA:110,4
DA:112,200
DA:117,4
DA:120,4
DA:146,4
DA:149,4
DA:150,4
DA:151,4
DA:152,4
DA:161,4
DA:162,4
DA:163,4
DA:166,4
DA:167,4
DA:168,4
DA:169,4
DA:170,4
DA:171,4
DA:172,4
DA:174,4
DA:177,4
DA:178,4
DA:179,4
DA:181,4
DA:208,0
LF:37
LH:36
BRDA:19,0,0,0
BRDA:19,0,1,720
BRDA:19,1,0,720
BRDA:19,1,1,720
BRDA:19,1,2,12
BRDA:38,2,0,148
BRDA:38,2,1,0
BRF:7
BRH:5
end_of_record
TN:
SF:static/js/utils/session.js
FN:7,setBrowserService
FN:8,generateSessionId
FN:14,getSessionId
FN:18,resetSessionId
FN:20,createSessionManager
FN:23,(anonymous_5)
FN:23,(anonymous_6)
FN:27,(anonymous_7)
FNF:8
FNH:3
FNDA:1,setBrowserService
FNDA:1,generateSessionId
FNDA:5,getSessionId
FNDA:0,resetSessionId
FNDA:0,createSessionManager
FNDA:0,(anonymous_5)
FNDA:0,(anonymous_6)
FNDA:0,(anonymous_7)
DA:5,2
DA:6,2
DA:7,1
DA:10,1
DA:11,1
DA:12,0
DA:15,5
DA:16,5
DA:18,0
DA:21,0
DA:22,0
DA:23,0
DA:24,0
DA:28,0
DA:29,0
DA:30,0
LF:16
LH:7
BRDA:11,0,0,1
BRDA:11,0,1,0
BRDA:15,1,0,1
BRDA:15,1,1,4
BRDA:20,2,0,0
BRDA:21,3,0,0
BRDA:21,3,1,0
BRDA:23,4,0,0
BRDA:23,4,1,0
BRF:9
BRH:3
end_of_record
TN:
SF:static/js/utils/storageService.js
FN:10,createStorageService
FN:13,safe
FN:24,(anonymous_2)
FN:24,(anonymous_3)
FN:25,(anonymous_4)
FN:25,(anonymous_5)
FN:26,(anonymous_6)
FN:26,(anonymous_7)
FN:27,(anonymous_8)
FN:27,(anonymous_9)
FN:28,(anonymous_10)
FN:28,(anonymous_11)
FN:29,(anonymous_12)
FN:30,(anonymous_13)
FN:32,(anonymous_14)
FNF:15
FNH:0
FNDA:0,createStorageService
FNDA:0,safe
FNDA:0,(anonymous_2)
FNDA:0,(anonymous_3)
FNDA:0,(anonymous_4)
FNDA:0,(anonymous_5)
FNDA:0,(anonymous_6)
FNDA:0,(anonymous_7)
FNDA:0,(anonymous_8)
FNDA:0,(anonymous_9)
FNDA:0,(anonymous_10)
FNDA:0,(anonymous_11)
FNDA:0,(anonymous_12)
FNDA:0,(anonymous_13)
FNDA:0,(anonymous_14)
DA:11,0
DA:12,0
DA:14,0
DA:15,0
DA:17,0
DA:19,0
DA:23,0
DA:24,0
DA:25,0
DA:26,0
DA:27,0
DA:28,0
DA:30,0
LF:13
LH:0
BRDA:11,0,0,0
BRDA:11,0,1,0
BRDA:12,1,0,0
BRDA:12,1,1,0
BRDA:19,2,0,0
BRDA:19,2,1,0
BRDA:30,3,0,0
BRDA:30,3,1,0
BRF:8
BRH:0
end_of_record
TN:
SF:static/services/eventService.js
FN:18,createEventService
FN:52,emit
FN:74,on
FN:82,(anonymous_3)
FN:85,off
FN:93,once
FN:94,(anonymous_6)
FN:104,waitFor
FN:105,(anonymous_8)
FN:106,(anonymous_9)
FN:126,(anonymous_10)
FN:129,(anonymous_11)
FN:137,(anonymous_12)
FN:143,(anonymous_13)
FNF:14
FNH:1
FNDA:1,createEventService
FNDA:0,emit
FNDA:0,on
FNDA:0,(anonymous_3)
FNDA:0,off
FNDA:0,once
FNDA:0,(anonymous_6)
FNDA:0,waitFor
FNDA:0,(anonymous_8)
FNDA:0,(anonymous_9)
FNDA:0,(anonymous_10)
FNDA:0,(anonymous_11)
FNDA:0,(anonymous_12)
FNDA:0,(anonymous_13)
DA:27,1
DA:28,0
DA:31,1
DA:32,0
DA:35,1
DA:37,0
DA:44,1
DA:46,1
DA:53,0
DA:54,0
DA:56,0
DA:57,0
DA:58,0
DA:60,0
DA:64,0
DA:75,0
DA:76,0
DA:78,0
DA:80,0
DA:82,0
DA:86,0
DA:87,0
DA:94,0
DA:95,0
DA:97,0
DA:105,0
DA:106,0
DA:107,0
DA:108,0
DA:109,0
DA:118,1
DA:127,0
DA:130,0
DA:138,0
DA:139,0
DA:144,0
LF:36
LH:6
BRDA:18,0,0,0
BRDA:27,1,0,0
BRDA:27,1,1,1
BRDA:31,2,0,0
BRDA:31,2,1,1
BRDA:35,3,0,0
BRDA:35,3,1,1
BRDA:44,4,0,1
BRDA:44,4,1,0
BRDA:52,5,0,0
BRDA:53,6,0,0
BRDA:53,6,1,0
BRDA:53,7,0,0
BRDA:53,7,1,0
BRDA:74,8,0,0
BRDA:74,9,0,0
BRDA:75,10,0,0
BRDA:75,10,1,0
BRDA:75,11,0,0
BRDA:75,11,1,0
BRDA:86,12,0,0
BRDA:86,12,1,0
BRDA:86,13,0,0
BRDA:86,13,1,0
BRDA:93,14,0,0
BRDA:93,15,0,0
BRDA:104,16,0,0
BRDA:107,17,0,0
BRDA:107,17,1,0
BRDA:107,18,0,0
BRDA:107,18,1,0
BRF:31
BRH:4
end_of_record
